"2025-07-11 12:24:08 [INFO] o.s.t.c.s.AnnotationConfigContextLoaderUtils - Could not detect default configuration classes for test class [com.benjamin.Banking_app.Accounts.AccountControllerTest]: AccountControllerTest does not declare any static, non-private, non-final, nested classes annotated with @Configuration.
""2025-07-11 12:24:09 [INFO] o.s.b.t.c.SpringBootTestContextBootstrapper - Found @SpringBootConfiguration com.benjamin.Banking_app.App for test class com.benjamin.Banking_app.Accounts.AccountControllerTest
""2025-07-11 12:24:09 [INFO] o.h.v.i.u.Version - HV000001: Hibernate Validator 8.0.1.Final
""2025-07-11 12:24:09 [INFO] c.b.B.A.AccountControllerTest - Starting AccountControllerTest using Java 21 with PID 31312 (started by ben in /Users/ben/Desktop/Banking_app)
""2025-07-11 12:24:09 [INFO] c.b.B.A.AccountControllerTest - No active profile set, falling back to 1 default profile: "default"
""2025-07-11 12:24:11 [INFO] o.s.s.w.DefaultSecurityFilterChain - Will secure any request with [org.springframework.security.web.session.DisableEncodeUrlFilter@74431832, org.springframework.security.web.context.request.async.WebAsyncManagerIntegrationFilter@6fa2a006, org.springframework.security.web.context.SecurityContextHolderFilter@347b370c, org.springframework.security.web.header.HeaderWriterFilter@24f177f5, org.springframework.web.filter.CorsFilter@70592729, org.springframework.security.web.authentication.logout.LogoutFilter@6a543e09, com.benjamin.Banking_app.Security.JwtAuthenticationFilter@cec590c, org.springframework.security.web.savedrequest.RequestCacheAwareFilter@20184ade, org.springframework.security.web.servletapi.SecurityContextHolderAwareRequestFilter@35fb3209, org.springframework.security.web.authentication.AnonymousAuthenticationFilter@2fdf7da2, org.springframework.security.web.session.SessionManagementFilter@22361e23, org.springframework.security.web.access.ExceptionTranslationFilter@69bc4024, org.springframework.security.web.access.intercept.AuthorizationFilter@5599dc60]
""2025-07-11 12:24:11 [INFO] o.s.b.t.m.w.SpringBootMockServletContext - Initializing Spring TestDispatcherServlet ''
""2025-07-11 12:24:11 [INFO] o.s.t.w.s.TestDispatcherServlet - Initializing Servlet ''
""2025-07-11 12:24:11 [INFO] o.s.t.w.s.TestDispatcherServlet - Completed initialization in 1 ms
""2025-07-11 12:24:11 [INFO] c.b.B.A.AccountControllerTest - Started AccountControllerTest in 2.412 seconds (process running for 3.635)
""2025-07-11 12:28:58 [INFO] o.s.t.c.s.AnnotationConfigContextLoaderUtils - Could not detect default configuration classes for test class [com.benjamin.Banking_app.Accounts.AccountControllerTest]: AccountControllerTest does not declare any static, non-private, non-final, nested classes annotated with @Configuration.
""2025-07-11 12:28:58 [INFO] o.s.b.t.c.SpringBootTestContextBootstrapper - Found @SpringBootConfiguration com.benjamin.Banking_app.App for test class com.benjamin.Banking_app.Accounts.AccountControllerTest
""2025-07-11 12:28:59 [INFO] o.h.v.i.u.Version - HV000001: Hibernate Validator 8.0.1.Final
""2025-07-11 12:28:59 [INFO] c.b.B.A.AccountControllerTest - Starting AccountControllerTest using Java 21 with PID 31873 (started by ben in /Users/ben/Desktop/Banking_app)
""2025-07-11 12:28:59 [INFO] c.b.B.A.AccountControllerTest - No active profile set, falling back to 1 default profile: "default"
""2025-07-11 12:29:01 [INFO] o.s.s.w.DefaultSecurityFilterChain - Will secure any request with [org.springframework.security.web.session.DisableEncodeUrlFilter@8ef1d58, org.springframework.security.web.context.request.async.WebAsyncManagerIntegrationFilter@2619cb76, org.springframework.security.web.context.SecurityContextHolderFilter@4e96cb04, org.springframework.security.web.header.HeaderWriterFilter@39f4a7c4, org.springframework.web.filter.CorsFilter@56f2c9e8, org.springframework.security.web.authentication.logout.LogoutFilter@72a33316, com.benjamin.Banking_app.Security.JwtAuthenticationFilter@5c25d0d1, org.springframework.security.web.savedrequest.RequestCacheAwareFilter@4e5364a3, org.springframework.security.web.servletapi.SecurityContextHolderAwareRequestFilter@1a336906, org.springframework.security.web.authentication.AnonymousAuthenticationFilter@457692cb, org.springframework.security.web.session.SessionManagementFilter@4ede035e, org.springframework.security.web.access.ExceptionTranslationFilter@578b2dec, org.springframework.security.web.access.intercept.AuthorizationFilter@5256fbc]
""2025-07-11 12:29:01 [INFO] o.s.b.t.m.w.SpringBootMockServletContext - Initializing Spring TestDispatcherServlet ''
""2025-07-11 12:29:01 [INFO] o.s.t.w.s.TestDispatcherServlet - Initializing Servlet ''
""2025-07-11 12:29:01 [INFO] o.s.t.w.s.TestDispatcherServlet - Completed initialization in 1 ms
""2025-07-11 12:29:01 [INFO] c.b.B.A.AccountControllerTest - Started AccountControllerTest in 2.389 seconds (process running for 3.757)
""2025-07-11 12:46:58 [INFO] o.s.t.c.s.AnnotationConfigContextLoaderUtils - Could not detect default configuration classes for test class [com.benjamin.Banking_app.Accounts.AccountControllerTest]: AccountControllerTest does not declare any static, non-private, non-final, nested classes annotated with @Configuration.
""2025-07-11 12:46:58 [INFO] o.s.b.t.c.SpringBootTestContextBootstrapper - Found @SpringBootConfiguration com.benjamin.Banking_app.App for test class com.benjamin.Banking_app.Accounts.AccountControllerTest
""2025-07-11 12:46:59 [INFO] o.h.v.i.u.Version - HV000001: Hibernate Validator 8.0.1.Final
""2025-07-11 12:46:59 [INFO] c.b.B.A.AccountControllerTest - Starting AccountControllerTest using Java 21 with PID 34852 (started by ben in /Users/ben/Desktop/Banking_app)
""2025-07-11 12:46:59 [INFO] c.b.B.A.AccountControllerTest - No active profile set, falling back to 1 default profile: "default"
""2025-07-11 12:47:00 [INFO] o.s.s.w.DefaultSecurityFilterChain - Will secure any request with [org.springframework.security.web.session.DisableEncodeUrlFilter@8ef1d58, org.springframework.security.web.context.request.async.WebAsyncManagerIntegrationFilter@2619cb76, org.springframework.security.web.context.SecurityContextHolderFilter@4e96cb04, org.springframework.security.web.header.HeaderWriterFilter@39f4a7c4, org.springframework.web.filter.CorsFilter@56f2c9e8, org.springframework.security.web.authentication.logout.LogoutFilter@72a33316, com.benjamin.Banking_app.Security.JwtAuthenticationFilter@5c25d0d1, org.springframework.security.web.savedrequest.RequestCacheAwareFilter@4e5364a3, org.springframework.security.web.servletapi.SecurityContextHolderAwareRequestFilter@1a336906, org.springframework.security.web.authentication.AnonymousAuthenticationFilter@457692cb, org.springframework.security.web.session.SessionManagementFilter@4ede035e, org.springframework.security.web.access.ExceptionTranslationFilter@578b2dec, org.springframework.security.web.access.intercept.AuthorizationFilter@5256fbc]
""2025-07-11 12:47:01 [INFO] o.s.b.t.m.w.SpringBootMockServletContext - Initializing Spring TestDispatcherServlet ''
""2025-07-11 12:47:01 [INFO] o.s.t.w.s.TestDispatcherServlet - Initializing Servlet ''
""2025-07-11 12:47:01 [INFO] o.s.t.w.s.TestDispatcherServlet - Completed initialization in 1 ms
""2025-07-11 12:47:01 [INFO] c.b.B.A.AccountControllerTest - Started AccountControllerTest in 2.377 seconds (process running for 3.531)
""2025-07-11 12:49:08 [INFO] o.s.t.c.s.AnnotationConfigContextLoaderUtils - Could not detect default configuration classes for test class [com.benjamin.Banking_app.Accounts.AccountControllerTest]: AccountControllerTest does not declare any static, non-private, non-final, nested classes annotated with @Configuration.
""2025-07-11 12:49:08 [INFO] o.s.b.t.c.SpringBootTestContextBootstrapper - Found @SpringBootConfiguration com.benjamin.Banking_app.App for test class com.benjamin.Banking_app.Accounts.AccountControllerTest
""2025-07-11 12:49:09 [INFO] o.h.v.i.u.Version - HV000001: Hibernate Validator 8.0.1.Final
""2025-07-11 12:49:09 [INFO] c.b.B.A.AccountControllerTest - Starting AccountControllerTest using Java 21 with PID 35140 (started by ben in /Users/ben/Desktop/Banking_app)
""2025-07-11 12:49:09 [INFO] c.b.B.A.AccountControllerTest - No active profile set, falling back to 1 default profile: "default"
""2025-07-11 12:49:10 [INFO] o.s.s.w.DefaultSecurityFilterChain - Will secure any request with [org.springframework.security.web.session.DisableEncodeUrlFilter@5a205ee5, org.springframework.security.web.context.request.async.WebAsyncManagerIntegrationFilter@7fb44737, org.springframework.security.web.context.SecurityContextHolderFilter@218f2f51, org.springframework.security.web.header.HeaderWriterFilter@5f166f2e, org.springframework.web.filter.CorsFilter@11295cb1, org.springframework.security.web.authentication.logout.LogoutFilter@26aee0a6, com.benjamin.Banking_app.Security.JwtAuthenticationFilter@39ace1a7, org.springframework.security.web.savedrequest.RequestCacheAwareFilter@39afe59f, org.springframework.security.web.servletapi.SecurityContextHolderAwareRequestFilter@16f34376, org.springframework.security.web.authentication.AnonymousAuthenticationFilter@5daad59a, org.springframework.security.web.session.SessionManagementFilter@3a80c534, org.springframework.security.web.access.ExceptionTranslationFilter@5c41b8d8, org.springframework.security.web.access.intercept.AuthorizationFilter@416c8bb5]
""2025-07-11 12:49:11 [INFO] o.s.b.t.m.w.SpringBootMockServletContext - Initializing Spring TestDispatcherServlet ''
""2025-07-11 12:49:11 [INFO] o.s.t.w.s.TestDispatcherServlet - Initializing Servlet ''
""2025-07-11 12:49:11 [INFO] o.s.t.w.s.TestDispatcherServlet - Completed initialization in 1 ms
""2025-07-11 12:49:11 [INFO] c.b.B.A.AccountControllerTest - Started AccountControllerTest in 2.297 seconds (process running for 3.479)
""2025-07-11 12:50:41 [INFO] o.s.t.c.s.AnnotationConfigContextLoaderUtils - Could not detect default configuration classes for test class [com.benjamin.Banking_app.Accounts.AccountControllerTest]: AccountControllerTest does not declare any static, non-private, non-final, nested classes annotated with @Configuration.
""2025-07-11 12:50:41 [INFO] o.s.b.t.c.SpringBootTestContextBootstrapper - Found @SpringBootConfiguration com.benjamin.Banking_app.App for test class com.benjamin.Banking_app.Accounts.AccountControllerTest
""2025-07-11 12:50:42 [INFO] o.h.v.i.u.Version - HV000001: Hibernate Validator 8.0.1.Final
""2025-07-11 12:50:42 [INFO] c.b.B.A.AccountControllerTest - Starting AccountControllerTest using Java 21 with PID 35337 (started by ben in /Users/ben/Desktop/Banking_app)
""2025-07-11 12:50:42 [INFO] c.b.B.A.AccountControllerTest - No active profile set, falling back to 1 default profile: "default"
""2025-07-11 12:50:44 [INFO] o.s.s.w.DefaultSecurityFilterChain - Will secure any request with [org.springframework.security.web.session.DisableEncodeUrlFilter@6b0325d0, org.springframework.security.web.context.request.async.WebAsyncManagerIntegrationFilter@70439c3, org.springframework.security.web.context.SecurityContextHolderFilter@578b2dec, org.springframework.security.web.header.HeaderWriterFilter@7d1cdeb1, org.springframework.web.filter.CorsFilter@72a33316, org.springframework.security.web.authentication.logout.LogoutFilter@c190cfc, com.benjamin.Banking_app.Security.JwtAuthenticationFilter@1c72189f, org.springframework.security.web.savedrequest.RequestCacheAwareFilter@39f4a7c4, org.springframework.security.web.servletapi.SecurityContextHolderAwareRequestFilter@111fe921, org.springframework.security.web.authentication.AnonymousAuthenticationFilter@57fce8b, org.springframework.security.web.session.SessionManagementFilter@4fafd27e, org.springframework.security.web.access.ExceptionTranslationFilter@2d73767e, org.springframework.security.web.access.intercept.AuthorizationFilter@35fb3209]
""2025-07-11 12:50:44 [INFO] o.s.b.t.m.w.SpringBootMockServletContext - Initializing Spring TestDispatcherServlet ''
""2025-07-11 12:50:44 [INFO] o.s.t.w.s.TestDispatcherServlet - Initializing Servlet ''
""2025-07-11 12:50:44 [INFO] o.s.t.w.s.TestDispatcherServlet - Completed initialization in 2 ms
""2025-07-11 12:50:44 [INFO] c.b.B.A.AccountControllerTest - Started AccountControllerTest in 2.863 seconds (process running for 3.993)
""2025-07-11 12:56:20 [INFO] o.s.t.c.s.AnnotationConfigContextLoaderUtils - Could not detect default configuration classes for test class [com.benjamin.Banking_app.Accounts.AccountControllerTest]: AccountControllerTest does not declare any static, non-private, non-final, nested classes annotated with @Configuration.
""2025-07-11 12:56:20 [INFO] o.s.b.t.c.SpringBootTestContextBootstrapper - Found @SpringBootConfiguration com.benjamin.Banking_app.App for test class com.benjamin.Banking_app.Accounts.AccountControllerTest
""2025-07-11 12:56:21 [INFO] o.h.v.i.u.Version - HV000001: Hibernate Validator 8.0.1.Final
""2025-07-11 12:56:21 [INFO] c.b.B.A.AccountControllerTest - Starting AccountControllerTest using Java 21 with PID 36040 (started by ben in /Users/ben/Desktop/Banking_app)
""2025-07-11 12:56:21 [INFO] c.b.B.A.AccountControllerTest - No active profile set, falling back to 1 default profile: "default"
""2025-07-11 12:56:22 [INFO] o.s.s.w.DefaultSecurityFilterChain - Will secure any request with [org.springframework.security.web.session.DisableEncodeUrlFilter@8ef1d58, org.springframework.security.web.context.request.async.WebAsyncManagerIntegrationFilter@2619cb76, org.springframework.security.web.context.SecurityContextHolderFilter@4e96cb04, org.springframework.security.web.header.HeaderWriterFilter@39f4a7c4, org.springframework.web.filter.CorsFilter@56f2c9e8, org.springframework.security.web.authentication.logout.LogoutFilter@72a33316, com.benjamin.Banking_app.Security.JwtAuthenticationFilter@5c25d0d1, org.springframework.security.web.savedrequest.RequestCacheAwareFilter@4e5364a3, org.springframework.security.web.servletapi.SecurityContextHolderAwareRequestFilter@1a336906, org.springframework.security.web.authentication.AnonymousAuthenticationFilter@457692cb, org.springframework.security.web.session.SessionManagementFilter@4ede035e, org.springframework.security.web.access.ExceptionTranslationFilter@578b2dec, org.springframework.security.web.access.intercept.AuthorizationFilter@5256fbc]
""2025-07-11 12:56:23 [INFO] o.s.b.t.m.w.SpringBootMockServletContext - Initializing Spring TestDispatcherServlet ''
""2025-07-11 12:56:23 [INFO] o.s.t.w.s.TestDispatcherServlet - Initializing Servlet ''
""2025-07-11 12:56:23 [INFO] o.s.t.w.s.TestDispatcherServlet - Completed initialization in 1 ms
""2025-07-11 12:56:23 [INFO] c.b.B.A.AccountControllerTest - Started AccountControllerTest in 2.244 seconds (process running for 3.283)
""2025-07-11 12:58:18 [INFO] o.s.t.c.s.AnnotationConfigContextLoaderUtils - Could not detect default configuration classes for test class [com.benjamin.Banking_app.Accounts.AccountControllerTest]: AccountControllerTest does not declare any static, non-private, non-final, nested classes annotated with @Configuration.
""2025-07-11 12:58:18 [INFO] o.s.b.t.c.SpringBootTestContextBootstrapper - Found @SpringBootConfiguration com.benjamin.Banking_app.App for test class com.benjamin.Banking_app.Accounts.AccountControllerTest
""2025-07-11 12:58:19 [INFO] o.h.v.i.u.Version - HV000001: Hibernate Validator 8.0.1.Final
""2025-07-11 12:58:19 [INFO] c.b.B.A.AccountControllerTest - Starting AccountControllerTest using Java 21 with PID 36298 (started by ben in /Users/ben/Desktop/Banking_app)
""2025-07-11 12:58:19 [INFO] c.b.B.A.AccountControllerTest - No active profile set, falling back to 1 default profile: "default"
""2025-07-11 12:58:21 [INFO] o.s.s.w.DefaultSecurityFilterChain - Will secure any request with [org.springframework.security.web.session.DisableEncodeUrlFilter@56f2c9e8, org.springframework.security.web.context.request.async.WebAsyncManagerIntegrationFilter@457692cb, org.springframework.security.web.context.SecurityContextHolderFilter@4e5364a3, org.springframework.security.web.header.HeaderWriterFilter@1ff542a3, org.springframework.web.filter.CorsFilter@350342e0, org.springframework.security.web.authentication.logout.LogoutFilter@77204651, com.benjamin.Banking_app.Security.JwtAuthenticationFilter@27afbf14, org.springframework.security.web.savedrequest.RequestCacheAwareFilter@62054faf, org.springframework.security.web.servletapi.SecurityContextHolderAwareRequestFilter@75d539b9, org.springframework.security.web.authentication.AnonymousAuthenticationFilter@5d297d4d, org.springframework.security.web.session.SessionManagementFilter@4272d8cf, org.springframework.security.web.access.ExceptionTranslationFilter@39f4a7c4, org.springframework.security.web.access.intercept.AuthorizationFilter@3620eab]
""2025-07-11 12:58:21 [INFO] o.s.b.t.m.w.SpringBootMockServletContext - Initializing Spring TestDispatcherServlet ''
""2025-07-11 12:58:21 [INFO] o.s.t.w.s.TestDispatcherServlet - Initializing Servlet ''
""2025-07-11 12:58:21 [INFO] o.s.t.w.s.TestDispatcherServlet - Completed initialization in 1 ms
""2025-07-11 12:58:21 [INFO] c.b.B.A.AccountControllerTest - Started AccountControllerTest in 2.901 seconds (process running for 4.365)
""2025-07-11 12:59:12 [INFO] o.s.t.c.s.AnnotationConfigContextLoaderUtils - Could not detect default configuration classes for test class [com.benjamin.Banking_app.Accounts.AccountControllerTest]: AccountControllerTest does not declare any static, non-private, non-final, nested classes annotated with @Configuration.
""2025-07-11 12:59:12 [INFO] o.s.b.t.c.SpringBootTestContextBootstrapper - Found @SpringBootConfiguration com.benjamin.Banking_app.App for test class com.benjamin.Banking_app.Accounts.AccountControllerTest
""2025-07-11 12:59:13 [INFO] o.h.v.i.u.Version - HV000001: Hibernate Validator 8.0.1.Final
""2025-07-11 12:59:13 [INFO] c.b.B.A.AccountControllerTest - Starting AccountControllerTest using Java 21 with PID 36408 (started by ben in /Users/ben/Desktop/Banking_app)
""2025-07-11 12:59:13 [INFO] c.b.B.A.AccountControllerTest - No active profile set, falling back to 1 default profile: "default"
""2025-07-11 12:59:15 [INFO] o.s.s.w.DefaultSecurityFilterChain - Will secure any request with [org.springframework.security.web.session.DisableEncodeUrlFilter@56f2c9e8, org.springframework.security.web.context.request.async.WebAsyncManagerIntegrationFilter@457692cb, org.springframework.security.web.context.SecurityContextHolderFilter@4e5364a3, org.springframework.security.web.header.HeaderWriterFilter@1ff542a3, org.springframework.web.filter.CorsFilter@350342e0, org.springframework.security.web.authentication.logout.LogoutFilter@77204651, com.benjamin.Banking_app.Security.JwtAuthenticationFilter@598657cd, org.springframework.security.web.savedrequest.RequestCacheAwareFilter@62054faf, org.springframework.security.web.servletapi.SecurityContextHolderAwareRequestFilter@75d539b9, org.springframework.security.web.authentication.AnonymousAuthenticationFilter@5d297d4d, org.springframework.security.web.session.SessionManagementFilter@4272d8cf, org.springframework.security.web.access.ExceptionTranslationFilter@39f4a7c4, org.springframework.security.web.access.intercept.AuthorizationFilter@3620eab]
""2025-07-11 12:59:15 [INFO] o.s.b.t.m.w.SpringBootMockServletContext - Initializing Spring TestDispatcherServlet ''
""2025-07-11 12:59:15 [INFO] o.s.t.w.s.TestDispatcherServlet - Initializing Servlet ''
""2025-07-11 12:59:15 [INFO] o.s.t.w.s.TestDispatcherServlet - Completed initialization in 1 ms
""2025-07-11 12:59:15 [INFO] c.b.B.A.AccountControllerTest - Started AccountControllerTest in 2.404 seconds (process running for 3.627)
""2025-07-11 13:00:58 [INFO] o.s.t.c.s.AnnotationConfigContextLoaderUtils - Could not detect default configuration classes for test class [com.benjamin.Banking_app.Accounts.AccountControllerTest]: AccountControllerTest does not declare any static, non-private, non-final, nested classes annotated with @Configuration.
""2025-07-11 13:00:58 [INFO] o.s.b.t.c.SpringBootTestContextBootstrapper - Found @SpringBootConfiguration com.benjamin.Banking_app.App for test class com.benjamin.Banking_app.Accounts.AccountControllerTest
""2025-07-11 13:00:58 [INFO] o.h.v.i.u.Version - HV000001: Hibernate Validator 8.0.1.Final
""2025-07-11 13:00:58 [INFO] c.b.B.A.AccountControllerTest - Starting AccountControllerTest using Java 21 with PID 36720 (started by ben in /Users/ben/Desktop/Banking_app)
""2025-07-11 13:00:58 [INFO] c.b.B.A.AccountControllerTest - No active profile set, falling back to 1 default profile: "default"
""2025-07-11 13:01:00 [INFO] o.s.s.w.DefaultSecurityFilterChain - Will secure any request with [org.springframework.security.web.session.DisableEncodeUrlFilter@56f2c9e8, org.springframework.security.web.context.request.async.WebAsyncManagerIntegrationFilter@457692cb, org.springframework.security.web.context.SecurityContextHolderFilter@4e5364a3, org.springframework.security.web.header.HeaderWriterFilter@1ff542a3, org.springframework.web.filter.CorsFilter@350342e0, org.springframework.security.web.authentication.logout.LogoutFilter@77204651, com.benjamin.Banking_app.Security.JwtAuthenticationFilter@69e2fe3b, org.springframework.security.web.savedrequest.RequestCacheAwareFilter@62054faf, org.springframework.security.web.servletapi.SecurityContextHolderAwareRequestFilter@75d539b9, org.springframework.security.web.authentication.AnonymousAuthenticationFilter@5d297d4d, org.springframework.security.web.session.SessionManagementFilter@4272d8cf, org.springframework.security.web.access.ExceptionTranslationFilter@39f4a7c4, org.springframework.security.web.access.intercept.AuthorizationFilter@3620eab]
""2025-07-11 13:01:00 [INFO] o.s.b.t.m.w.SpringBootMockServletContext - Initializing Spring TestDispatcherServlet ''
""2025-07-11 13:01:00 [INFO] o.s.t.w.s.TestDispatcherServlet - Initializing Servlet ''
""2025-07-11 13:01:00 [INFO] o.s.t.w.s.TestDispatcherServlet - Completed initialization in 1 ms
""2025-07-11 13:01:00 [INFO] c.b.B.A.AccountControllerTest - Started AccountControllerTest in 2.278 seconds (process running for 3.375)
""2025-07-11 13:04:43 [INFO] o.s.t.c.s.AnnotationConfigContextLoaderUtils - Could not detect default configuration classes for test class [com.benjamin.Banking_app.Accounts.AccountControllerTest]: AccountControllerTest does not declare any static, non-private, non-final, nested classes annotated with @Configuration.
""2025-07-11 13:04:43 [INFO] o.s.b.t.c.SpringBootTestContextBootstrapper - Found @SpringBootConfiguration com.benjamin.Banking_app.App for test class com.benjamin.Banking_app.Accounts.AccountControllerTest
""2025-07-11 13:04:43 [INFO] o.h.v.i.u.Version - HV000001: Hibernate Validator 8.0.1.Final
""2025-07-11 13:04:43 [INFO] c.b.B.A.AccountControllerTest - Starting AccountControllerTest using Java 21 with PID 37194 (started by ben in /Users/ben/Desktop/Banking_app)
""2025-07-11 13:04:43 [INFO] c.b.B.A.AccountControllerTest - No active profile set, falling back to 1 default profile: "default"
""2025-07-11 13:04:45 [INFO] o.s.s.w.DefaultSecurityFilterChain - Will secure any request with [org.springframework.security.web.session.DisableEncodeUrlFilter@5d297d4d, org.springframework.security.web.context.request.async.WebAsyncManagerIntegrationFilter@1dd44289, org.springframework.security.web.context.SecurityContextHolderFilter@75d539b9, org.springframework.security.web.header.HeaderWriterFilter@3a80c534, org.springframework.web.filter.CorsFilter@6cc56b32, org.springframework.security.web.authentication.logout.LogoutFilter@416c8bb5, com.benjamin.Banking_app.Security.JwtAuthenticationFilter@22c8ee48, org.springframework.security.web.savedrequest.RequestCacheAwareFilter@210c1b9d, org.springframework.security.web.servletapi.SecurityContextHolderAwareRequestFilter@69bc4024, org.springframework.security.web.authentication.AnonymousAuthenticationFilter@43fe2008, org.springframework.security.web.session.SessionManagementFilter@4e5364a3, org.springframework.security.web.access.ExceptionTranslationFilter@48ee3c2d, org.springframework.security.web.access.intercept.AuthorizationFilter@56f2c9e8]
""2025-07-11 13:04:45 [INFO] o.s.b.t.m.w.SpringBootMockServletContext - Initializing Spring TestDispatcherServlet ''
""2025-07-11 13:04:45 [INFO] o.s.t.w.s.TestDispatcherServlet - Initializing Servlet ''
""2025-07-11 13:04:45 [INFO] o.s.t.w.s.TestDispatcherServlet - Completed initialization in 1 ms
""2025-07-11 13:04:46 [INFO] c.b.B.A.AccountControllerTest - Started AccountControllerTest in 2.496 seconds (process running for 3.618)
""2025-07-11 13:53:58 [INFO] o.s.t.c.s.AnnotationConfigContextLoaderUtils - Could not detect default configuration classes for test class [com.benjamin.Banking_app.Accounts.AccountControllerTest]: AccountControllerTest does not declare any static, non-private, non-final, nested classes annotated with @Configuration.
""2025-07-11 13:53:59 [INFO] o.s.b.t.c.SpringBootTestContextBootstrapper - Found @SpringBootConfiguration com.benjamin.Banking_app.App for test class com.benjamin.Banking_app.Accounts.AccountControllerTest
""2025-07-11 13:53:59 [INFO] o.h.v.i.u.Version - HV000001: Hibernate Validator 8.0.1.Final
""2025-07-11 13:53:59 [INFO] c.b.B.A.AccountControllerTest - Starting AccountControllerTest using Java 21 with PID 46147 (started by ben in /Users/ben/Desktop/Banking_app)
""2025-07-11 13:53:59 [INFO] c.b.B.A.AccountControllerTest - No active profile set, falling back to 1 default profile: "default"
""2025-07-11 13:54:01 [INFO] o.s.s.w.DefaultSecurityFilterChain - Will secure any request with [org.springframework.security.web.session.DisableEncodeUrlFilter@5a205ee5, org.springframework.security.web.context.request.async.WebAsyncManagerIntegrationFilter@7fb44737, org.springframework.security.web.context.SecurityContextHolderFilter@218f2f51, org.springframework.security.web.header.HeaderWriterFilter@5f166f2e, org.springframework.web.filter.CorsFilter@11295cb1, org.springframework.security.web.authentication.logout.LogoutFilter@26aee0a6, com.benjamin.Banking_app.Security.JwtAuthenticationFilter@7f93f4c, org.springframework.security.web.savedrequest.RequestCacheAwareFilter@39afe59f, org.springframework.security.web.servletapi.SecurityContextHolderAwareRequestFilter@16f34376, org.springframework.security.web.authentication.AnonymousAuthenticationFilter@5daad59a, org.springframework.security.web.session.SessionManagementFilter@3a80c534, org.springframework.security.web.access.ExceptionTranslationFilter@5c41b8d8, org.springframework.security.web.access.intercept.AuthorizationFilter@416c8bb5]
""2025-07-11 13:54:01 [INFO] o.s.b.t.m.w.SpringBootMockServletContext - Initializing Spring TestDispatcherServlet ''
""2025-07-11 13:54:01 [INFO] o.s.t.w.s.TestDispatcherServlet - Initializing Servlet ''
""2025-07-11 13:54:01 [INFO] o.s.t.w.s.TestDispatcherServlet - Completed initialization in 1 ms
""2025-07-11 13:54:01 [INFO] c.b.B.A.AccountControllerTest - Started AccountControllerTest in 2.461 seconds (process running for 4.028)
""2025-07-11 13:54:05 [INFO] o.s.t.c.s.AnnotationConfigContextLoaderUtils - Could not detect default configuration classes for test class [com.benjamin.Banking_app.Accounts.AccountControllerTest]: AccountControllerTest does not declare any static, non-private, non-final, nested classes annotated with @Configuration.
""2025-07-11 13:54:05 [INFO] o.s.b.t.c.SpringBootTestContextBootstrapper - Found @SpringBootConfiguration com.benjamin.Banking_app.App for test class com.benjamin.Banking_app.Accounts.AccountControllerTest
""2025-07-11 13:54:05 [INFO] o.h.v.i.u.Version - HV000001: Hibernate Validator 8.0.1.Final
""2025-07-11 13:54:05 [INFO] c.b.B.A.AccountControllerTest - Starting AccountControllerTest using Java 21 with PID 46164 (started by ben in /Users/ben/Desktop/Banking_app)
""2025-07-11 13:54:05 [INFO] c.b.B.A.AccountControllerTest - No active profile set, falling back to 1 default profile: "default"
""2025-07-11 13:54:07 [INFO] o.s.s.w.DefaultSecurityFilterChain - Will secure any request with [org.springframework.security.web.session.DisableEncodeUrlFilter@1dd44289, org.springframework.security.web.context.request.async.WebAsyncManagerIntegrationFilter@6cc56b32, org.springframework.security.web.context.SecurityContextHolderFilter@20f63ddc, org.springframework.security.web.header.HeaderWriterFilter@fd5689d, org.springframework.web.filter.CorsFilter@43fe2008, org.springframework.security.web.authentication.logout.LogoutFilter@340b4f07, com.benjamin.Banking_app.Security.JwtAuthenticationFilter@7845b21a, org.springframework.security.web.savedrequest.RequestCacheAwareFilter@69bc4024, org.springframework.security.web.servletapi.SecurityContextHolderAwareRequestFilter@3578a45b, org.springframework.security.web.authentication.AnonymousAuthenticationFilter@552bee2f, org.springframework.security.web.session.SessionManagementFilter@1a336906, org.springframework.security.web.access.ExceptionTranslationFilter@54387873, org.springframework.security.web.access.intercept.AuthorizationFilter@457692cb]
""2025-07-11 13:54:08 [INFO] o.s.b.t.m.w.SpringBootMockServletContext - Initializing Spring TestDispatcherServlet ''
""2025-07-11 13:54:08 [INFO] o.s.t.w.s.TestDispatcherServlet - Initializing Servlet ''
""2025-07-11 13:54:08 [INFO] o.s.t.w.s.TestDispatcherServlet - Completed initialization in 1 ms
""2025-07-11 13:54:08 [INFO] c.b.B.A.AccountControllerTest - Started AccountControllerTest in 2.589 seconds (process running for 3.582)
""2025-07-11 13:54:43 [INFO] o.s.t.c.s.AnnotationConfigContextLoaderUtils - Could not detect default configuration classes for test class [com.benjamin.Banking_app.Accounts.AccountControllerTest]: AccountControllerTest does not declare any static, non-private, non-final, nested classes annotated with @Configuration.
""2025-07-11 13:54:43 [INFO] o.s.b.t.c.SpringBootTestContextBootstrapper - Found @SpringBootConfiguration com.benjamin.Banking_app.App for test class com.benjamin.Banking_app.Accounts.AccountControllerTest
""2025-07-11 13:54:43 [INFO] o.h.v.i.u.Version - HV000001: Hibernate Validator 8.0.1.Final
""2025-07-11 13:54:43 [INFO] c.b.B.A.AccountControllerTest - Starting AccountControllerTest using Java 21 with PID 46256 (started by ben in /Users/ben/Desktop/Banking_app)
""2025-07-11 13:54:43 [INFO] c.b.B.A.AccountControllerTest - No active profile set, falling back to 1 default profile: "default"
""2025-07-11 13:54:45 [INFO] o.s.s.w.DefaultSecurityFilterChain - Will secure any request with [org.springframework.security.web.session.DisableEncodeUrlFilter@5256fbc, org.springframework.security.web.context.request.async.WebAsyncManagerIntegrationFilter@58f50dd0, org.springframework.security.web.context.SecurityContextHolderFilter@4ede035e, org.springframework.security.web.header.HeaderWriterFilter@d512c1, org.springframework.web.filter.CorsFilter@3620eab, org.springframework.security.web.authentication.logout.LogoutFilter@92fd091, com.benjamin.Banking_app.Security.JwtAuthenticationFilter@1930a804, org.springframework.security.web.savedrequest.RequestCacheAwareFilter@4272d8cf, org.springframework.security.web.servletapi.SecurityContextHolderAwareRequestFilter@4e96cb04, org.springframework.security.web.authentication.AnonymousAuthenticationFilter@8ef1d58, org.springframework.security.web.session.SessionManagementFilter@1d9af731, org.springframework.security.web.access.ExceptionTranslationFilter@4fafd27e, org.springframework.security.web.access.intercept.AuthorizationFilter@7fb44737]
""2025-07-11 13:54:45 [INFO] o.s.b.t.m.w.SpringBootMockServletContext - Initializing Spring TestDispatcherServlet ''
""2025-07-11 13:54:45 [INFO] o.s.t.w.s.TestDispatcherServlet - Initializing Servlet ''
""2025-07-11 13:54:45 [INFO] o.s.t.w.s.TestDispatcherServlet - Completed initialization in 1 ms
""2025-07-11 13:54:45 [INFO] c.b.B.A.AccountControllerTest - Started AccountControllerTest in 2.256 seconds (process running for 3.331)
""2025-07-11 13:55:34 [INFO] o.s.t.c.s.AnnotationConfigContextLoaderUtils - Could not detect default configuration classes for test class [com.benjamin.Banking_app.Accounts.AccountControllerTest]: AccountControllerTest does not declare any static, non-private, non-final, nested classes annotated with @Configuration.
""2025-07-11 13:55:34 [INFO] o.s.b.t.c.SpringBootTestContextBootstrapper - Found @SpringBootConfiguration com.benjamin.Banking_app.App for test class com.benjamin.Banking_app.Accounts.AccountControllerTest
""2025-07-11 13:55:34 [INFO] o.h.v.i.u.Version - HV000001: Hibernate Validator 8.0.1.Final
""2025-07-11 13:55:34 [INFO] c.b.B.A.AccountControllerTest - Starting AccountControllerTest using Java 21 with PID 46366 (started by ben in /Users/ben/Desktop/Banking_app)
""2025-07-11 13:55:34 [INFO] c.b.B.A.AccountControllerTest - No active profile set, falling back to 1 default profile: "default"
""2025-07-11 13:55:36 [INFO] o.s.s.w.DefaultSecurityFilterChain - Will secure any request with [org.springframework.security.web.session.DisableEncodeUrlFilter@6cc56b32, org.springframework.security.web.context.request.async.WebAsyncManagerIntegrationFilter@43fe2008, org.springframework.security.web.context.SecurityContextHolderFilter@210c1b9d, org.springframework.security.web.header.HeaderWriterFilter@36e3321e, org.springframework.web.filter.CorsFilter@552bee2f, org.springframework.security.web.authentication.logout.LogoutFilter@e994ca, com.benjamin.Banking_app.Security.JwtAuthenticationFilter@467ef400, org.springframework.security.web.savedrequest.RequestCacheAwareFilter@3578a45b, org.springframework.security.web.servletapi.SecurityContextHolderAwareRequestFilter@24f177f5, org.springframework.security.web.authentication.AnonymousAuthenticationFilter@6a543e09, org.springframework.security.web.session.SessionManagementFilter@62054faf, org.springframework.security.web.access.ExceptionTranslationFilter@3a80c534, org.springframework.security.web.access.intercept.AuthorizationFilter@350342e0]
""2025-07-11 13:55:36 [INFO] o.s.b.t.m.w.SpringBootMockServletContext - Initializing Spring TestDispatcherServlet ''
""2025-07-11 13:55:36 [INFO] o.s.t.w.s.TestDispatcherServlet - Initializing Servlet ''
""2025-07-11 13:55:36 [INFO] o.s.t.w.s.TestDispatcherServlet - Completed initialization in 1 ms
""2025-07-11 13:55:36 [INFO] c.b.B.A.AccountControllerTest - Started AccountControllerTest in 2.365 seconds (process running for 3.725)
""2025-07-11 14:01:13 [INFO] o.s.t.c.s.AnnotationConfigContextLoaderUtils - Could not detect default configuration classes for test class [com.benjamin.Banking_app.Accounts.AccountControllerTest]: AccountControllerTest does not declare any static, non-private, non-final, nested classes annotated with @Configuration.
""2025-07-11 14:01:14 [INFO] o.s.b.t.c.SpringBootTestContextBootstrapper - Found @SpringBootConfiguration com.benjamin.Banking_app.App for test class com.benjamin.Banking_app.Accounts.AccountControllerTest
""2025-07-11 14:01:14 [INFO] o.h.v.i.u.Version - HV000001: Hibernate Validator 8.0.1.Final
""2025-07-11 14:01:14 [INFO] c.b.B.A.AccountControllerTest - Starting AccountControllerTest using Java 21 with PID 47150 (started by ben in /Users/ben/Desktop/Banking_app)
""2025-07-11 14:01:14 [INFO] c.b.B.A.AccountControllerTest - No active profile set, falling back to 1 default profile: "default"
""2025-07-11 14:01:16 [INFO] o.s.s.w.DefaultSecurityFilterChain - Will secure any request with [org.springframework.security.web.session.DisableEncodeUrlFilter@5a205ee5, org.springframework.security.web.context.request.async.WebAsyncManagerIntegrationFilter@7fb44737, org.springframework.security.web.context.SecurityContextHolderFilter@218f2f51, org.springframework.security.web.header.HeaderWriterFilter@5f166f2e, org.springframework.web.filter.CorsFilter@11295cb1, org.springframework.security.web.authentication.logout.LogoutFilter@26aee0a6, com.benjamin.Banking_app.Security.JwtAuthenticationFilter@7f93f4c, org.springframework.security.web.savedrequest.RequestCacheAwareFilter@39afe59f, org.springframework.security.web.servletapi.SecurityContextHolderAwareRequestFilter@16f34376, org.springframework.security.web.authentication.AnonymousAuthenticationFilter@5daad59a, org.springframework.security.web.session.SessionManagementFilter@3a80c534, org.springframework.security.web.access.ExceptionTranslationFilter@5c41b8d8, org.springframework.security.web.access.intercept.AuthorizationFilter@416c8bb5]
""2025-07-11 14:01:16 [INFO] o.s.b.t.m.w.SpringBootMockServletContext - Initializing Spring TestDispatcherServlet ''
""2025-07-11 14:01:16 [INFO] o.s.t.w.s.TestDispatcherServlet - Initializing Servlet ''
""2025-07-11 14:01:16 [INFO] o.s.t.w.s.TestDispatcherServlet - Completed initialization in 1 ms
""2025-07-11 14:01:16 [INFO] c.b.B.A.AccountControllerTest - Started AccountControllerTest in 2.412 seconds (process running for 3.539)
""2025-07-11 14:02:38 [INFO] o.s.t.c.s.AnnotationConfigContextLoaderUtils - Could not detect default configuration classes for test class [com.benjamin.Banking_app.Accounts.AccountControllerTest]: AccountControllerTest does not declare any static, non-private, non-final, nested classes annotated with @Configuration.
""2025-07-11 14:02:38 [INFO] o.s.b.t.c.SpringBootTestContextBootstrapper - Found @SpringBootConfiguration com.benjamin.Banking_app.App for test class com.benjamin.Banking_app.Accounts.AccountControllerTest
""2025-07-11 14:02:38 [INFO] o.h.v.i.u.Version - HV000001: Hibernate Validator 8.0.1.Final
""2025-07-11 14:02:38 [INFO] c.b.B.A.AccountControllerTest - Starting AccountControllerTest using Java 21 with PID 47328 (started by ben in /Users/ben/Desktop/Banking_app)
""2025-07-11 14:02:38 [INFO] c.b.B.A.AccountControllerTest - No active profile set, falling back to 1 default profile: "default"
""2025-07-11 14:02:40 [INFO] o.s.s.w.DefaultSecurityFilterChain - Will secure any request with [org.springframework.security.web.session.DisableEncodeUrlFilter@51cca357, org.springframework.security.web.context.request.async.WebAsyncManagerIntegrationFilter@3a9c11fb, org.springframework.security.web.context.SecurityContextHolderFilter@48ee3c2d, org.springframework.security.web.header.HeaderWriterFilter@702b656a, org.springframework.web.filter.CorsFilter@416c8bb5, org.springframework.security.web.authentication.logout.LogoutFilter@6f4d2294, com.benjamin.Banking_app.Security.JwtAuthenticationFilter@15e08615, org.springframework.security.web.savedrequest.RequestCacheAwareFilter@3a80c534, org.springframework.security.web.servletapi.SecurityContextHolderAwareRequestFilter@fd5689d, org.springframework.security.web.authentication.AnonymousAuthenticationFilter@340b4f07, org.springframework.security.web.session.SessionManagementFilter@39f4a7c4, org.springframework.security.web.access.ExceptionTranslationFilter@4db46344, org.springframework.security.web.access.intercept.AuthorizationFilter@72a33316]
""2025-07-11 14:02:41 [INFO] o.s.b.t.m.w.SpringBootMockServletContext - Initializing Spring TestDispatcherServlet ''
""2025-07-11 14:02:41 [INFO] o.s.t.w.s.TestDispatcherServlet - Initializing Servlet ''
""2025-07-11 14:02:41 [INFO] o.s.t.w.s.TestDispatcherServlet - Completed initialization in 1 ms
""2025-07-11 14:02:41 [INFO] c.b.B.A.AccountControllerTest - Started AccountControllerTest in 2.594 seconds (process running for 3.819)
""2025-07-11 14:07:00 [INFO] o.s.t.c.s.AnnotationConfigContextLoaderUtils - Could not detect default configuration classes for test class [com.benjamin.Banking_app.Accounts.AccountControllerTest]: AccountControllerTest does not declare any static, non-private, non-final, nested classes annotated with @Configuration.
""2025-07-11 14:07:00 [INFO] o.s.b.t.c.SpringBootTestContextBootstrapper - Found @SpringBootConfiguration com.benjamin.Banking_app.App for test class com.benjamin.Banking_app.Accounts.AccountControllerTest
""2025-07-11 14:07:00 [INFO] o.h.v.i.u.Version - HV000001: Hibernate Validator 8.0.1.Final
""2025-07-11 14:07:00 [INFO] c.b.B.A.AccountControllerTest - Starting AccountControllerTest using Java 21 with PID 47908 (started by ben in /Users/ben/Desktop/Banking_app)
""2025-07-11 14:07:00 [INFO] c.b.B.A.AccountControllerTest - No active profile set, falling back to 1 default profile: "default"
""2025-07-11 14:07:02 [INFO] o.s.s.w.DefaultSecurityFilterChain - Will secure any request with [org.springframework.security.web.session.DisableEncodeUrlFilter@5a205ee5, org.springframework.security.web.context.request.async.WebAsyncManagerIntegrationFilter@7fb44737, org.springframework.security.web.context.SecurityContextHolderFilter@218f2f51, org.springframework.security.web.header.HeaderWriterFilter@5f166f2e, org.springframework.web.filter.CorsFilter@11295cb1, org.springframework.security.web.authentication.logout.LogoutFilter@26aee0a6, com.benjamin.Banking_app.Security.JwtAuthenticationFilter@39ace1a7, org.springframework.security.web.savedrequest.RequestCacheAwareFilter@39afe59f, org.springframework.security.web.servletapi.SecurityContextHolderAwareRequestFilter@16f34376, org.springframework.security.web.authentication.AnonymousAuthenticationFilter@5daad59a, org.springframework.security.web.session.SessionManagementFilter@3a80c534, org.springframework.security.web.access.ExceptionTranslationFilter@5c41b8d8, org.springframework.security.web.access.intercept.AuthorizationFilter@416c8bb5]
""2025-07-11 14:07:03 [INFO] o.s.b.t.m.w.SpringBootMockServletContext - Initializing Spring TestDispatcherServlet ''
""2025-07-11 14:07:03 [INFO] o.s.t.w.s.TestDispatcherServlet - Initializing Servlet ''
""2025-07-11 14:07:03 [INFO] o.s.t.w.s.TestDispatcherServlet - Completed initialization in 1 ms
""2025-07-11 14:07:03 [INFO] c.b.B.A.AccountControllerTest - Started AccountControllerTest in 2.645 seconds (process running for 3.939)
""2025-07-11 14:08:04 [INFO] o.s.t.c.s.AnnotationConfigContextLoaderUtils - Could not detect default configuration classes for test class [com.benjamin.Banking_app.Accounts.AccountControllerTest]: AccountControllerTest does not declare any static, non-private, non-final, nested classes annotated with @Configuration.
""2025-07-11 14:08:04 [INFO] o.s.b.t.c.SpringBootTestContextBootstrapper - Found @SpringBootConfiguration com.benjamin.Banking_app.App for test class com.benjamin.Banking_app.Accounts.AccountControllerTest
""2025-07-11 14:08:04 [INFO] o.h.v.i.u.Version - HV000001: Hibernate Validator 8.0.1.Final
""2025-07-11 14:08:04 [INFO] c.b.B.A.AccountControllerTest - Starting AccountControllerTest using Java 21 with PID 48064 (started by ben in /Users/ben/Desktop/Banking_app)
""2025-07-11 14:08:04 [INFO] c.b.B.A.AccountControllerTest - No active profile set, falling back to 1 default profile: "default"
""2025-07-11 14:08:06 [INFO] o.s.s.w.DefaultSecurityFilterChain - Will secure any request with [org.springframework.security.web.session.DisableEncodeUrlFilter@51cca357, org.springframework.security.web.context.request.async.WebAsyncManagerIntegrationFilter@3a9c11fb, org.springframework.security.web.context.SecurityContextHolderFilter@48ee3c2d, org.springframework.security.web.header.HeaderWriterFilter@702b656a, org.springframework.web.filter.CorsFilter@416c8bb5, org.springframework.security.web.authentication.logout.LogoutFilter@6f4d2294, com.benjamin.Banking_app.Security.JwtAuthenticationFilter@76af51d6, org.springframework.security.web.savedrequest.RequestCacheAwareFilter@3a80c534, org.springframework.security.web.servletapi.SecurityContextHolderAwareRequestFilter@fd5689d, org.springframework.security.web.authentication.AnonymousAuthenticationFilter@340b4f07, org.springframework.security.web.session.SessionManagementFilter@39f4a7c4, org.springframework.security.web.access.ExceptionTranslationFilter@4db46344, org.springframework.security.web.access.intercept.AuthorizationFilter@72a33316]
""2025-07-11 14:08:07 [INFO] o.s.b.t.m.w.SpringBootMockServletContext - Initializing Spring TestDispatcherServlet ''
""2025-07-11 14:08:07 [INFO] o.s.t.w.s.TestDispatcherServlet - Initializing Servlet ''
""2025-07-11 14:08:07 [INFO] o.s.t.w.s.TestDispatcherServlet - Completed initialization in 1 ms
""2025-07-11 14:08:07 [INFO] c.b.B.A.AccountControllerTest - Started AccountControllerTest in 2.324 seconds (process running for 3.461)
""2025-07-11 14:08:51 [INFO] o.s.t.c.s.AnnotationConfigContextLoaderUtils - Could not detect default configuration classes for test class [com.benjamin.Banking_app.Accounts.AccountControllerTest]: AccountControllerTest does not declare any static, non-private, non-final, nested classes annotated with @Configuration.
""2025-07-11 14:08:51 [INFO] o.s.b.t.c.SpringBootTestContextBootstrapper - Found @SpringBootConfiguration com.benjamin.Banking_app.App for test class com.benjamin.Banking_app.Accounts.AccountControllerTest
""2025-07-11 14:08:51 [INFO] o.h.v.i.u.Version - HV000001: Hibernate Validator 8.0.1.Final
""2025-07-11 14:08:51 [INFO] c.b.B.A.AccountControllerTest - Starting AccountControllerTest using Java 21 with PID 48164 (started by ben in /Users/ben/Desktop/Banking_app)
""2025-07-11 14:08:51 [INFO] c.b.B.A.AccountControllerTest - No active profile set, falling back to 1 default profile: "default"
""2025-07-11 14:08:53 [INFO] o.s.t.c.s.AnnotationConfigContextLoaderUtils - Could not detect default configuration classes for test class [com.benjamin.Banking_app.Accounts.AccountControllerTest]: AccountControllerTest does not declare any static, non-private, non-final, nested classes annotated with @Configuration.
""2025-07-11 14:08:53 [INFO] o.s.b.t.c.SpringBootTestContextBootstrapper - Found @SpringBootConfiguration com.benjamin.Banking_app.App for test class com.benjamin.Banking_app.Accounts.AccountControllerTest
""2025-07-11 14:08:53 [INFO] o.h.v.i.u.Version - HV000001: Hibernate Validator 8.0.1.Final
""2025-07-11 14:08:53 [INFO] c.b.B.A.AccountControllerTest - Starting AccountControllerTest using Java 21 with PID 48165 (started by ben in /Users/ben/Desktop/Banking_app)
""2025-07-11 14:08:53 [INFO] c.b.B.A.AccountControllerTest - No active profile set, falling back to 1 default profile: "default"
""2025-07-11 14:08:55 [INFO] o.s.s.w.DefaultSecurityFilterChain - Will secure any request with [org.springframework.security.web.session.DisableEncodeUrlFilter@56f2c9e8, org.springframework.security.web.context.request.async.WebAsyncManagerIntegrationFilter@457692cb, org.springframework.security.web.context.SecurityContextHolderFilter@4e5364a3, org.springframework.security.web.header.HeaderWriterFilter@1ff542a3, org.springframework.web.filter.CorsFilter@350342e0, org.springframework.security.web.authentication.logout.LogoutFilter@77204651, com.benjamin.Banking_app.Security.JwtAuthenticationFilter@456aa471, org.springframework.security.web.savedrequest.RequestCacheAwareFilter@62054faf, org.springframework.security.web.servletapi.SecurityContextHolderAwareRequestFilter@75d539b9, org.springframework.security.web.authentication.AnonymousAuthenticationFilter@5d297d4d, org.springframework.security.web.session.SessionManagementFilter@4272d8cf, org.springframework.security.web.access.ExceptionTranslationFilter@39f4a7c4, org.springframework.security.web.access.intercept.AuthorizationFilter@3620eab]
""2025-07-11 14:08:55 [INFO] o.s.b.t.m.w.SpringBootMockServletContext - Initializing Spring TestDispatcherServlet ''
""2025-07-11 14:08:55 [INFO] o.s.t.w.s.TestDispatcherServlet - Initializing Servlet ''
""2025-07-11 14:08:55 [INFO] o.s.t.w.s.TestDispatcherServlet - Completed initialization in 2 ms
""2025-07-11 14:08:55 [INFO] c.b.B.A.AccountControllerTest - Started AccountControllerTest in 4.064 seconds (process running for 5.349)
""2025-07-11 14:08:56 [INFO] o.s.s.w.DefaultSecurityFilterChain - Will secure any request with [org.springframework.security.web.session.DisableEncodeUrlFilter@14239223, org.springframework.security.web.context.request.async.WebAsyncManagerIntegrationFilter@68df8c6, org.springframework.security.web.context.SecurityContextHolderFilter@37caecda, org.springframework.security.web.header.HeaderWriterFilter@350342e0, org.springframework.web.filter.CorsFilter@7c206b14, org.springframework.security.web.authentication.logout.LogoutFilter@70169464, com.benjamin.Banking_app.Security.JwtAuthenticationFilter@752973de, org.springframework.security.web.savedrequest.RequestCacheAwareFilter@4ab9d160, org.springframework.security.web.servletapi.SecurityContextHolderAwareRequestFilter@5599dc60, org.springframework.security.web.authentication.AnonymousAuthenticationFilter@2b8cf049, org.springframework.security.web.session.SessionManagementFilter@8b89b3a, org.springframework.security.web.access.ExceptionTranslationFilter@56f2c9e8, org.springframework.security.web.access.intercept.AuthorizationFilter@7dddfc35]
""2025-07-11 14:08:56 [INFO] o.s.b.t.m.w.SpringBootMockServletContext - Initializing Spring TestDispatcherServlet ''
""2025-07-11 14:08:56 [INFO] o.s.t.w.s.TestDispatcherServlet - Initializing Servlet ''
""2025-07-11 14:08:56 [INFO] o.s.t.w.s.TestDispatcherServlet - Completed initialization in 1 ms
""2025-07-11 14:08:56 [INFO] c.b.B.A.AccountControllerTest - Started AccountControllerTest in 3.291 seconds (process running for 5.719)
""2025-07-11 14:18:07 [INFO] o.s.t.c.s.AnnotationConfigContextLoaderUtils - Could not detect default configuration classes for test class [com.benjamin.Banking_app.Accounts.AccountControllerTest]: AccountControllerTest does not declare any static, non-private, non-final, nested classes annotated with @Configuration.
""2025-07-11 14:18:07 [INFO] o.s.b.t.c.SpringBootTestContextBootstrapper - Found @SpringBootConfiguration com.benjamin.Banking_app.App for test class com.benjamin.Banking_app.Accounts.AccountControllerTest
""2025-07-11 14:18:07 [INFO] o.h.v.i.u.Version - HV000001: Hibernate Validator 8.0.1.Final
""2025-07-11 14:18:07 [INFO] c.b.B.A.AccountControllerTest - Starting AccountControllerTest using Java 21 with PID 49395 (started by ben in /Users/ben/Desktop/Banking_app)
""2025-07-11 14:18:07 [INFO] c.b.B.A.AccountControllerTest - No active profile set, falling back to 1 default profile: "default"
""2025-07-11 14:18:09 [INFO] o.s.s.w.DefaultSecurityFilterChain - Will secure any request with [org.springframework.security.web.session.DisableEncodeUrlFilter@6b0325d0, org.springframework.security.web.context.request.async.WebAsyncManagerIntegrationFilter@70439c3, org.springframework.security.web.context.SecurityContextHolderFilter@578b2dec, org.springframework.security.web.header.HeaderWriterFilter@7d1cdeb1, org.springframework.web.filter.CorsFilter@72a33316, org.springframework.security.web.authentication.logout.LogoutFilter@c190cfc, com.benjamin.Banking_app.Security.JwtAuthenticationFilter@1c72189f, org.springframework.security.web.savedrequest.RequestCacheAwareFilter@39f4a7c4, org.springframework.security.web.servletapi.SecurityContextHolderAwareRequestFilter@111fe921, org.springframework.security.web.authentication.AnonymousAuthenticationFilter@57fce8b, org.springframework.security.web.session.SessionManagementFilter@4fafd27e, org.springframework.security.web.access.ExceptionTranslationFilter@2d73767e, org.springframework.security.web.access.intercept.AuthorizationFilter@35fb3209]
""2025-07-11 14:18:09 [INFO] o.s.b.t.m.w.SpringBootMockServletContext - Initializing Spring TestDispatcherServlet ''
""2025-07-11 14:18:09 [INFO] o.s.t.w.s.TestDispatcherServlet - Initializing Servlet ''
""2025-07-11 14:18:09 [INFO] o.s.t.w.s.TestDispatcherServlet - Completed initialization in 0 ms
""2025-07-11 14:18:09 [INFO] c.b.B.A.AccountControllerTest - Started AccountControllerTest in 2.529 seconds (process running for 3.937)
""2025-07-11 14:18:22 [INFO] o.s.t.c.s.AnnotationConfigContextLoaderUtils - Could not detect default configuration classes for test class [com.benjamin.Banking_app.Accounts.AccountControllerTest]: AccountControllerTest does not declare any static, non-private, non-final, nested classes annotated with @Configuration.
""2025-07-11 14:18:23 [INFO] o.s.b.t.c.SpringBootTestContextBootstrapper - Found @SpringBootConfiguration com.benjamin.Banking_app.App for test class com.benjamin.Banking_app.Accounts.AccountControllerTest
""2025-07-11 14:18:23 [INFO] o.h.v.i.u.Version - HV000001: Hibernate Validator 8.0.1.Final
""2025-07-11 14:18:23 [INFO] c.b.B.A.AccountControllerTest - Starting AccountControllerTest using Java 21 with PID 49436 (started by ben in /Users/ben/Desktop/Banking_app)
""2025-07-11 14:18:23 [INFO] c.b.B.A.AccountControllerTest - No active profile set, falling back to 1 default profile: "default"
""2025-07-11 14:18:25 [INFO] o.s.s.w.DefaultSecurityFilterChain - Will secure any request with [org.springframework.security.web.session.DisableEncodeUrlFilter@8ef1d58, org.springframework.security.web.context.request.async.WebAsyncManagerIntegrationFilter@2619cb76, org.springframework.security.web.context.SecurityContextHolderFilter@4e96cb04, org.springframework.security.web.header.HeaderWriterFilter@39f4a7c4, org.springframework.web.filter.CorsFilter@56f2c9e8, org.springframework.security.web.authentication.logout.LogoutFilter@72a33316, com.benjamin.Banking_app.Security.JwtAuthenticationFilter@5c25d0d1, org.springframework.security.web.savedrequest.RequestCacheAwareFilter@4e5364a3, org.springframework.security.web.servletapi.SecurityContextHolderAwareRequestFilter@1a336906, org.springframework.security.web.authentication.AnonymousAuthenticationFilter@457692cb, org.springframework.security.web.session.SessionManagementFilter@4ede035e, org.springframework.security.web.access.ExceptionTranslationFilter@578b2dec, org.springframework.security.web.access.intercept.AuthorizationFilter@5256fbc]
""2025-07-11 14:18:25 [INFO] o.s.b.t.m.w.SpringBootMockServletContext - Initializing Spring TestDispatcherServlet ''
""2025-07-11 14:18:25 [INFO] o.s.t.w.s.TestDispatcherServlet - Initializing Servlet ''
""2025-07-11 14:18:25 [INFO] o.s.t.w.s.TestDispatcherServlet - Completed initialization in 1 ms
""2025-07-11 14:18:25 [INFO] c.b.B.A.AccountControllerTest - Started AccountControllerTest in 2.426 seconds (process running for 3.742)
""2025-07-11 14:20:47 [INFO] o.s.t.c.s.AnnotationConfigContextLoaderUtils - Could not detect default configuration classes for test class [com.benjamin.Banking_app.Accounts.AccountControllerTest]: AccountControllerTest does not declare any static, non-private, non-final, nested classes annotated with @Configuration.
""2025-07-11 14:20:47 [INFO] o.s.b.t.c.SpringBootTestContextBootstrapper - Found @SpringBootConfiguration com.benjamin.Banking_app.App for test class com.benjamin.Banking_app.Accounts.AccountControllerTest
""2025-07-11 14:20:48 [INFO] o.h.v.i.u.Version - HV000001: Hibernate Validator 8.0.1.Final
""2025-07-11 14:20:48 [INFO] c.b.B.A.AccountControllerTest - Starting AccountControllerTest using Java 21 with PID 49759 (started by ben in /Users/ben/Desktop/Banking_app)
""2025-07-11 14:20:48 [INFO] c.b.B.A.AccountControllerTest - No active profile set, falling back to 1 default profile: "default"
""2025-07-11 14:20:50 [INFO] o.s.s.w.DefaultSecurityFilterChain - Will secure any request with [org.springframework.security.web.session.DisableEncodeUrlFilter@210c1b9d, org.springframework.security.web.context.request.async.WebAsyncManagerIntegrationFilter@69bc4024, org.springframework.security.web.context.SecurityContextHolderFilter@5d32c1c7, org.springframework.security.web.header.HeaderWriterFilter@76dc36e5, org.springframework.web.filter.CorsFilter@3578a45b, org.springframework.security.web.authentication.logout.LogoutFilter@36e3321e, com.benjamin.Banking_app.Security.JwtAuthenticationFilter@57c6feea, org.springframework.security.web.savedrequest.RequestCacheAwareFilter@40ac0a56, org.springframework.security.web.servletapi.SecurityContextHolderAwareRequestFilter@25b4754a, org.springframework.security.web.authentication.AnonymousAuthenticationFilter@24f177f5, org.springframework.security.web.session.SessionManagementFilter@73a49597, org.springframework.security.web.access.ExceptionTranslationFilter@762da62b, org.springframework.security.web.access.intercept.AuthorizationFilter@62054faf]
""2025-07-11 14:20:50 [INFO] o.s.b.t.m.w.SpringBootMockServletContext - Initializing Spring TestDispatcherServlet ''
""2025-07-11 14:20:50 [INFO] o.s.t.w.s.TestDispatcherServlet - Initializing Servlet ''
""2025-07-11 14:20:50 [INFO] o.s.t.w.s.TestDispatcherServlet - Completed initialization in 0 ms
""2025-07-11 14:20:50 [INFO] c.b.B.A.AccountControllerTest - Started AccountControllerTest in 2.314 seconds (process running for 3.458)
""2025-07-11 14:21:29 [INFO] o.s.t.c.s.AnnotationConfigContextLoaderUtils - Could not detect default configuration classes for test class [com.benjamin.Banking_app.Accounts.AccountControllerTest]: AccountControllerTest does not declare any static, non-private, non-final, nested classes annotated with @Configuration.
""2025-07-11 14:21:29 [INFO] o.s.b.t.c.SpringBootTestContextBootstrapper - Found @SpringBootConfiguration com.benjamin.Banking_app.App for test class com.benjamin.Banking_app.Accounts.AccountControllerTest
""2025-07-11 14:21:30 [INFO] o.h.v.i.u.Version - HV000001: Hibernate Validator 8.0.1.Final
""2025-07-11 14:21:30 [INFO] c.b.B.A.AccountControllerTest - Starting AccountControllerTest using Java 21 with PID 49850 (started by ben in /Users/ben/Desktop/Banking_app)
""2025-07-11 14:21:30 [INFO] c.b.B.A.AccountControllerTest - No active profile set, falling back to 1 default profile: "default"
""2025-07-11 14:21:31 [INFO] o.s.s.w.DefaultSecurityFilterChain - Will secure any request with [org.springframework.security.web.session.DisableEncodeUrlFilter@28e48b65, org.springframework.security.web.context.request.async.WebAsyncManagerIntegrationFilter@6cde0c69, org.springframework.security.web.context.SecurityContextHolderFilter@4db46344, org.springframework.security.web.header.HeaderWriterFilter@73a49597, org.springframework.web.filter.CorsFilter@6f4d2294, org.springframework.security.web.authentication.logout.LogoutFilter@62054faf, com.benjamin.Banking_app.Security.JwtAuthenticationFilter@322b09da, org.springframework.security.web.savedrequest.RequestCacheAwareFilter@702b656a, org.springframework.security.web.servletapi.SecurityContextHolderAwareRequestFilter@528f5b7f, org.springframework.security.web.authentication.AnonymousAuthenticationFilter@22361e23, org.springframework.security.web.session.SessionManagementFilter@7d1cdeb1, org.springframework.security.web.access.ExceptionTranslationFilter@3ee258, org.springframework.security.web.access.intercept.AuthorizationFilter@c190cfc]
""2025-07-11 14:21:32 [INFO] o.s.b.t.m.w.SpringBootMockServletContext - Initializing Spring TestDispatcherServlet ''
""2025-07-11 14:21:32 [INFO] o.s.t.w.s.TestDispatcherServlet - Initializing Servlet ''
""2025-07-11 14:21:32 [INFO] o.s.t.w.s.TestDispatcherServlet - Completed initialization in 1 ms
""2025-07-11 14:21:32 [INFO] c.b.B.A.AccountControllerTest - Started AccountControllerTest in 2.179 seconds (process running for 3.36)
""2025-07-11 14:21:57 [INFO] o.s.t.c.s.AnnotationConfigContextLoaderUtils - Could not detect default configuration classes for test class [com.benjamin.Banking_app.Accounts.AccountControllerTest]: AccountControllerTest does not declare any static, non-private, non-final, nested classes annotated with @Configuration.
""2025-07-11 14:21:57 [INFO] o.s.b.t.c.SpringBootTestContextBootstrapper - Found @SpringBootConfiguration com.benjamin.Banking_app.App for test class com.benjamin.Banking_app.Accounts.AccountControllerTest
""2025-07-11 14:21:58 [INFO] o.h.v.i.u.Version - HV000001: Hibernate Validator 8.0.1.Final
""2025-07-11 14:21:58 [INFO] c.b.B.A.AccountControllerTest - Starting AccountControllerTest using Java 21 with PID 49934 (started by ben in /Users/ben/Desktop/Banking_app)
""2025-07-11 14:21:58 [INFO] c.b.B.A.AccountControllerTest - No active profile set, falling back to 1 default profile: "default"
""2025-07-11 14:21:59 [INFO] o.s.s.w.DefaultSecurityFilterChain - Will secure any request with [org.springframework.security.web.session.DisableEncodeUrlFilter@457692cb, org.springframework.security.web.context.request.async.WebAsyncManagerIntegrationFilter@350342e0, org.springframework.security.web.context.SecurityContextHolderFilter@1a336906, org.springframework.security.web.header.HeaderWriterFilter@48ee3c2d, org.springframework.web.filter.CorsFilter@5d297d4d, org.springframework.security.web.authentication.logout.LogoutFilter@51cca357, com.benjamin.Banking_app.Security.JwtAuthenticationFilter@598657cd, org.springframework.security.web.savedrequest.RequestCacheAwareFilter@75d539b9, org.springframework.security.web.servletapi.SecurityContextHolderAwareRequestFilter@20f63ddc, org.springframework.security.web.authentication.AnonymousAuthenticationFilter@1dd44289, org.springframework.security.web.session.SessionManagementFilter@4e96cb04, org.springframework.security.web.access.ExceptionTranslationFilter@111fe921, org.springframework.security.web.access.intercept.AuthorizationFilter@8ef1d58]
""2025-07-11 14:22:00 [INFO] o.s.b.t.m.w.SpringBootMockServletContext - Initializing Spring TestDispatcherServlet ''
""2025-07-11 14:22:00 [INFO] o.s.t.w.s.TestDispatcherServlet - Initializing Servlet ''
""2025-07-11 14:22:00 [INFO] o.s.t.w.s.TestDispatcherServlet - Completed initialization in 1 ms
""2025-07-11 14:22:00 [INFO] c.b.B.A.AccountControllerTest - Started AccountControllerTest in 2.235 seconds (process running for 3.34)
""2025-07-11 14:27:30 [INFO] o.s.t.c.s.AnnotationConfigContextLoaderUtils - Could not detect default configuration classes for test class [com.benjamin.Banking_app.Accounts.AccountControllerTest]: AccountControllerTest does not declare any static, non-private, non-final, nested classes annotated with @Configuration.
""2025-07-11 14:27:30 [INFO] o.s.b.t.c.SpringBootTestContextBootstrapper - Found @SpringBootConfiguration com.benjamin.Banking_app.App for test class com.benjamin.Banking_app.Accounts.AccountControllerTest
""2025-07-11 14:27:30 [INFO] o.h.v.i.u.Version - HV000001: Hibernate Validator 8.0.1.Final
""2025-07-11 14:27:30 [INFO] c.b.B.A.AccountControllerTest - Starting AccountControllerTest using Java 21 with PID 50674 (started by ben in /Users/ben/Desktop/Banking_app)
""2025-07-11 14:27:30 [INFO] c.b.B.A.AccountControllerTest - No active profile set, falling back to 1 default profile: "default"
""2025-07-11 14:27:32 [INFO] o.s.s.w.DefaultSecurityFilterChain - Will secure any request with [org.springframework.security.web.session.DisableEncodeUrlFilter@2fcc5f49, org.springframework.security.web.context.request.async.WebAsyncManagerIntegrationFilter@28e48b65, org.springframework.security.web.context.SecurityContextHolderFilter@3a3316b6, org.springframework.security.web.header.HeaderWriterFilter@4f676900, org.springframework.web.filter.CorsFilter@6cde0c69, org.springframework.security.web.authentication.logout.LogoutFilter@1a336906, com.benjamin.Banking_app.Security.JwtAuthenticationFilter@3a3ad8e7, org.springframework.security.web.savedrequest.RequestCacheAwareFilter@56c6d515, org.springframework.security.web.servletapi.SecurityContextHolderAwareRequestFilter@702b656a, org.springframework.security.web.authentication.AnonymousAuthenticationFilter@6f4d2294, org.springframework.security.web.session.SessionManagementFilter@5e6522a6, org.springframework.security.web.access.ExceptionTranslationFilter@a44effb, org.springframework.security.web.access.intercept.AuthorizationFilter@569a26ab]
""2025-07-11 14:27:32 [INFO] o.s.b.t.m.w.SpringBootMockServletContext - Initializing Spring TestDispatcherServlet ''
""2025-07-11 14:27:32 [INFO] o.s.t.w.s.TestDispatcherServlet - Initializing Servlet ''
""2025-07-11 14:27:32 [INFO] o.s.t.w.s.TestDispatcherServlet - Completed initialization in 1 ms
""2025-07-11 14:27:32 [INFO] c.b.B.A.AccountControllerTest - Started AccountControllerTest in 2.283 seconds (process running for 3.397)
""2025-07-11 14:30:55 [INFO] o.s.t.c.s.AnnotationConfigContextLoaderUtils - Could not detect default configuration classes for test class [com.benjamin.Banking_app.Accounts.AccountControllerTest]: AccountControllerTest does not declare any static, non-private, non-final, nested classes annotated with @Configuration.
""2025-07-11 14:30:55 [INFO] o.s.b.t.c.SpringBootTestContextBootstrapper - Found @SpringBootConfiguration com.benjamin.Banking_app.App for test class com.benjamin.Banking_app.Accounts.AccountControllerTest
""2025-07-11 14:30:55 [INFO] o.h.v.i.u.Version - HV000001: Hibernate Validator 8.0.1.Final
""2025-07-11 14:30:55 [INFO] c.b.B.A.AccountControllerTest - Starting AccountControllerTest using Java 21 with PID 51123 (started by ben in /Users/ben/Desktop/Banking_app)
""2025-07-11 14:30:55 [INFO] c.b.B.A.AccountControllerTest - No active profile set, falling back to 1 default profile: "default"
""2025-07-11 14:30:57 [INFO] o.s.s.w.DefaultSecurityFilterChain - Will secure any request with [org.springframework.security.web.session.DisableEncodeUrlFilter@2e0516a3, org.springframework.security.web.context.request.async.WebAsyncManagerIntegrationFilter@32a4ea4e, org.springframework.security.web.context.SecurityContextHolderFilter@3ccfac29, org.springframework.security.web.header.HeaderWriterFilter@a6dffdb, org.springframework.web.filter.CorsFilter@347b370c, org.springframework.security.web.authentication.logout.LogoutFilter@69bc4024, com.benjamin.Banking_app.Security.JwtAuthenticationFilter@3a3ad8e7, org.springframework.security.web.savedrequest.RequestCacheAwareFilter@77ea960f, org.springframework.security.web.servletapi.SecurityContextHolderAwareRequestFilter@5f166f2e, org.springframework.security.web.authentication.AnonymousAuthenticationFilter@26aee0a6, org.springframework.security.web.session.SessionManagementFilter@56c6d515, org.springframework.security.web.access.ExceptionTranslationFilter@29699283, org.springframework.security.web.access.intercept.AuthorizationFilter@6cde0c69]
""2025-07-11 14:30:57 [INFO] o.s.b.t.m.w.SpringBootMockServletContext - Initializing Spring TestDispatcherServlet ''
""2025-07-11 14:30:57 [INFO] o.s.t.w.s.TestDispatcherServlet - Initializing Servlet ''
""2025-07-11 14:30:57 [INFO] o.s.t.w.s.TestDispatcherServlet - Completed initialization in 1 ms
""2025-07-11 14:30:58 [INFO] c.b.B.A.AccountControllerTest - Started AccountControllerTest in 2.221 seconds (process running for 3.261)
""2025-07-11 14:43:11 [INFO] o.s.t.c.s.AnnotationConfigContextLoaderUtils - Could not detect default configuration classes for test class [com.benjamin.Banking_app.Accounts.AccountControllerTest]: AccountControllerTest does not declare any static, non-private, non-final, nested classes annotated with @Configuration.
""2025-07-11 14:43:12 [INFO] o.s.b.t.c.SpringBootTestContextBootstrapper - Found @SpringBootConfiguration com.benjamin.Banking_app.App for test class com.benjamin.Banking_app.Accounts.AccountControllerTest
""2025-07-11 14:43:12 [INFO] o.h.v.i.u.Version - HV000001: Hibernate Validator 8.0.1.Final
""2025-07-11 14:43:12 [INFO] c.b.B.A.AccountControllerTest - Starting AccountControllerTest using Java 21 with PID 52314 (started by ben in /Users/ben/Desktop/Banking_app)
""2025-07-11 14:43:12 [INFO] c.b.B.A.AccountControllerTest - No active profile set, falling back to 1 default profile: "default"
""2025-07-11 14:43:14 [INFO] o.s.s.w.DefaultSecurityFilterChain - Will secure any request with [org.springframework.security.web.session.DisableEncodeUrlFilter@3a9c11fb, org.springframework.security.web.context.request.async.WebAsyncManagerIntegrationFilter@416c8bb5, org.springframework.security.web.context.SecurityContextHolderFilter@54387873, org.springframework.security.web.header.HeaderWriterFilter@528f5b7f, org.springframework.web.filter.CorsFilter@340b4f07, org.springframework.security.web.authentication.logout.LogoutFilter@22361e23, com.benjamin.Banking_app.Security.JwtAuthenticationFilter@322b09da, org.springframework.security.web.savedrequest.RequestCacheAwareFilter@fd5689d, org.springframework.security.web.servletapi.SecurityContextHolderAwareRequestFilter@36e3321e, org.springframework.security.web.authentication.AnonymousAuthenticationFilter@e994ca, org.springframework.security.web.session.SessionManagementFilter@111fe921, org.springframework.security.web.access.ExceptionTranslationFilter@56c6d515, org.springframework.security.web.access.intercept.AuthorizationFilter@57fce8b]
""2025-07-11 14:43:14 [INFO] o.s.b.t.m.w.SpringBootMockServletContext - Initializing Spring TestDispatcherServlet ''
""2025-07-11 14:43:14 [INFO] o.s.t.w.s.TestDispatcherServlet - Initializing Servlet ''
""2025-07-11 14:43:14 [INFO] o.s.t.w.s.TestDispatcherServlet - Completed initialization in 1 ms
""2025-07-11 14:43:14 [INFO] c.b.B.A.AccountControllerTest - Started AccountControllerTest in 2.417 seconds (process running for 3.563)
""2025-07-11 14:44:08 [INFO] o.s.t.c.s.AnnotationConfigContextLoaderUtils - Could not detect default configuration classes for test class [com.benjamin.Banking_app.Accounts.AccountControllerTest]: AccountControllerTest does not declare any static, non-private, non-final, nested classes annotated with @Configuration.
""2025-07-11 14:44:08 [INFO] o.s.b.t.c.SpringBootTestContextBootstrapper - Found @SpringBootConfiguration com.benjamin.Banking_app.App for test class com.benjamin.Banking_app.Accounts.AccountControllerTest
""2025-07-11 14:44:08 [INFO] o.h.v.i.u.Version - HV000001: Hibernate Validator 8.0.1.Final
""2025-07-11 14:44:08 [INFO] c.b.B.A.AccountControllerTest - Starting AccountControllerTest using Java 21 with PID 52442 (started by ben in /Users/ben/Desktop/Banking_app)
""2025-07-11 14:44:08 [INFO] c.b.B.A.AccountControllerTest - No active profile set, falling back to 1 default profile: "default"
""2025-07-11 14:44:10 [INFO] o.s.s.w.DefaultSecurityFilterChain - Will secure any request with [org.springframework.security.web.session.DisableEncodeUrlFilter@e994ca, org.springframework.security.web.context.request.async.WebAsyncManagerIntegrationFilter@5a205ee5, org.springframework.security.web.context.SecurityContextHolderFilter@36e3321e, org.springframework.security.web.header.HeaderWriterFilter@77ea960f, org.springframework.web.filter.CorsFilter@7fb44737, org.springframework.security.web.authentication.logout.LogoutFilter@347b370c, com.benjamin.Banking_app.Security.JwtAuthenticationFilter@66298fe9, org.springframework.security.web.savedrequest.RequestCacheAwareFilter@1d9af731, org.springframework.security.web.servletapi.SecurityContextHolderAwareRequestFilter@39afe59f, org.springframework.security.web.authentication.AnonymousAuthenticationFilter@11295cb1, org.springframework.security.web.session.SessionManagementFilter@54387873, org.springframework.security.web.access.ExceptionTranslationFilter@3ccfac29, org.springframework.security.web.access.intercept.AuthorizationFilter@3a9c11fb]
""2025-07-11 14:44:10 [INFO] o.s.b.t.m.w.SpringBootMockServletContext - Initializing Spring TestDispatcherServlet ''
""2025-07-11 14:44:10 [INFO] o.s.t.w.s.TestDispatcherServlet - Initializing Servlet ''
""2025-07-11 14:44:10 [INFO] o.s.t.w.s.TestDispatcherServlet - Completed initialization in 1 ms
""2025-07-11 14:44:10 [INFO] c.b.B.A.AccountControllerTest - Started AccountControllerTest in 2.32 seconds (process running for 3.407)
""2025-07-11 15:22:07 [INFO] o.h.v.i.u.Version - HV000001: Hibernate Validator 8.0.1.Final
""2025-07-11 15:22:07 [INFO] c.b.B.App - Starting App using Java 21 with PID 57570 (/Users/ben/Desktop/Banking_app/target/classes started by ben in /Users/ben/Desktop/Banking_app)
""2025-07-11 15:22:07 [INFO] c.b.B.App - No active profile set, falling back to 1 default profile: "default"
""2025-07-11 15:22:08 [INFO] o.s.d.r.c.RepositoryConfigurationDelegate - Bootstrapping Spring Data JPA repositories in DEFAULT mode.
""2025-07-11 15:22:08 [INFO] o.s.d.r.c.RepositoryConfigurationDelegate - Finished Spring Data repository scanning in 39 ms. Found 5 JPA repository interfaces.
""2025-07-11 15:22:08 [INFO] o.s.b.w.e.t.TomcatWebServer - Tomcat initialized with port 8080 (http)
""2025-07-11 15:22:08 [INFO] o.a.c.h.Http11NioProtocol - Initializing ProtocolHandler ["http-nio-8080"]
""2025-07-11 15:22:08 [INFO] o.a.c.c.StandardService - Starting service [Tomcat]
""2025-07-11 15:22:08 [INFO] o.a.c.c.StandardEngine - Starting Servlet engine: [Apache Tomcat/10.1.20]
""2025-07-11 15:22:08 [INFO] o.a.c.c.C.[.[.[/] - Initializing Spring embedded WebApplicationContext
""2025-07-11 15:22:08 [INFO] o.s.b.w.s.c.ServletWebServerApplicationContext - Root WebApplicationContext: initialization completed in 1231 ms
""2025-07-11 15:22:08 [INFO] c.z.h.HikariDataSource - HikariPool-1 - Starting...
""2025-07-11 15:22:09 [INFO] c.z.h.p.HikariPool - HikariPool-1 - Added connection org.postgresql.jdbc.PgConnection@2db86a7c
""2025-07-11 15:22:09 [INFO] c.z.h.HikariDataSource - HikariPool-1 - Start completed.
""2025-07-11 15:22:09 [INFO] o.h.j.i.u.LogHelper - HHH000204: Processing PersistenceUnitInfo [name: default]
""2025-07-11 15:22:09 [INFO] o.h.Version - HHH000412: Hibernate ORM core version 6.4.4.Final
""2025-07-11 15:22:09 [INFO] o.h.c.i.RegionFactoryInitiator - HHH000026: Second-level cache disabled
""2025-07-11 15:22:09 [INFO] o.s.o.j.p.SpringPersistenceUnitInfo - No LoadTimeWeaver setup: ignoring JPA class transformer
""2025-07-11 15:22:10 [INFO] o.h.e.t.j.p.i.JtaPlatformInitiator - HHH000489: No JTA platform available (set 'hibernate.transaction.jta.platform' to enable JTA platform integration)
""2025-07-11 15:22:10 [INFO] o.s.o.j.LocalContainerEntityManagerFactoryBean - Initialized JPA EntityManagerFactory for persistence unit 'default'
""2025-07-11 15:22:10 [WARN] o.s.b.a.o.j.JpaBaseConfiguration$JpaWebConfiguration - spring.jpa.open-in-view is enabled by default. Therefore, database queries may be performed during view rendering. Explicitly configure spring.jpa.open-in-view to disable this warning
""2025-07-11 15:22:10 [INFO] o.s.s.w.DefaultSecurityFilterChain - Will secure any request with [org.springframework.security.web.session.DisableEncodeUrlFilter@6ce1cc03, org.springframework.security.web.context.request.async.WebAsyncManagerIntegrationFilter@b1e63b5, org.springframework.security.web.context.SecurityContextHolderFilter@57d0c779, org.springframework.security.web.header.HeaderWriterFilter@1a000fff, org.springframework.web.filter.CorsFilter@186537ac, org.springframework.security.web.authentication.logout.LogoutFilter@d79a69b, com.benjamin.Banking_app.Security.JwtAuthenticationFilter@8aafd70, org.springframework.security.web.savedrequest.RequestCacheAwareFilter@2f16c21f, org.springframework.security.web.servletapi.SecurityContextHolderAwareRequestFilter@2314f013, org.springframework.security.web.authentication.AnonymousAuthenticationFilter@4733662d, org.springframework.security.web.session.SessionManagementFilter@247877f3, org.springframework.security.web.access.ExceptionTranslationFilter@122a6078, org.springframework.security.web.access.intercept.AuthorizationFilter@24caa80]
""2025-07-11 15:22:11 [INFO] o.a.c.h.Http11NioProtocol - Starting ProtocolHandler ["http-nio-8080"]
""2025-07-11 15:22:11 [INFO] o.s.b.w.e.t.TomcatWebServer - Tomcat started on port 8080 (http) with context path ''
""2025-07-11 15:22:11 [INFO] c.b.B.App - Started App in 3.973 seconds (process running for 4.571)
""2025-07-11 15:22:32 [INFO] o.a.c.c.C.[.[.[/] - Initializing Spring DispatcherServlet 'dispatcherServlet'
""2025-07-11 15:22:32 [INFO] o.s.w.s.DispatcherServlet - Initializing Servlet 'dispatcherServlet'
""2025-07-11 15:22:32 [INFO] o.s.w.s.DispatcherServlet - Completed initialization in 4 ms
""2025-07-11 15:28:24 [WARN] c.z.h.p.HikariPool - HikariPool-1 - Thread starvation or clock leap detected (housekeeper delta=3m15s744ms).
""2025-07-11 17:14:11 [WARN] c.z.h.p.HikariPool - HikariPool-1 - Thread starvation or clock leap detected (housekeeper delta=1h45m46s658ms).
""2025-07-11 18:49:49 [WARN] c.z.h.p.HikariPool - HikariPool-1 - Thread starvation or clock leap detected (housekeeper delta=1h35m38s117ms).
""2025-07-11 19:00:02 [INFO] o.s.o.j.LocalContainerEntityManagerFactoryBean - Closing JPA EntityManagerFactory for persistence unit 'default'
""2025-07-11 19:00:02 [INFO] c.z.h.HikariDataSource - HikariPool-1 - Shutdown initiated...
""2025-07-11 19:00:02 [INFO] c.z.h.HikariDataSource - HikariPool-1 - Shutdown completed.
""2025-07-11 20:25:30 [INFO] o.h.v.i.u.Version - HV000001: Hibernate Validator 8.0.1.Final
""2025-07-11 20:25:30 [INFO] c.b.B.App - Starting App using Java 21 with PID 71039 (/Users/ben/Desktop/Banking_app/target/classes started by ben in /Users/ben/Desktop/Banking_app)
""2025-07-11 20:25:30 [INFO] c.b.B.App - No active profile set, falling back to 1 default profile: "default"
""2025-07-11 20:25:31 [INFO] o.s.d.r.c.RepositoryConfigurationDelegate - Bootstrapping Spring Data JPA repositories in DEFAULT mode.
""2025-07-11 20:25:31 [INFO] o.s.d.r.c.RepositoryConfigurationDelegate - Finished Spring Data repository scanning in 41 ms. Found 5 JPA repository interfaces.
""2025-07-11 20:25:32 [INFO] o.s.b.w.e.t.TomcatWebServer - Tomcat initialized with port 8080 (http)
""2025-07-11 20:25:32 [INFO] o.a.c.h.Http11NioProtocol - Initializing ProtocolHandler ["http-nio-8080"]
""2025-07-11 20:25:32 [INFO] o.a.c.c.StandardService - Starting service [Tomcat]
""2025-07-11 20:25:32 [INFO] o.a.c.c.StandardEngine - Starting Servlet engine: [Apache Tomcat/10.1.20]
""2025-07-11 20:25:32 [INFO] o.a.c.c.C.[.[.[/] - Initializing Spring embedded WebApplicationContext
""2025-07-11 20:25:32 [INFO] o.s.b.w.s.c.ServletWebServerApplicationContext - Root WebApplicationContext: initialization completed in 1854 ms
""2025-07-11 20:25:32 [INFO] c.z.h.HikariDataSource - HikariPool-1 - Starting...
""2025-07-11 20:25:32 [INFO] c.z.h.p.HikariPool - HikariPool-1 - Added connection org.postgresql.jdbc.PgConnection@2db86a7c
""2025-07-11 20:25:32 [INFO] c.z.h.HikariDataSource - HikariPool-1 - Start completed.
""2025-07-11 20:25:32 [INFO] o.h.j.i.u.LogHelper - HHH000204: Processing PersistenceUnitInfo [name: default]
""2025-07-11 20:25:33 [INFO] o.h.Version - HHH000412: Hibernate ORM core version 6.4.4.Final
""2025-07-11 20:25:33 [INFO] o.h.c.i.RegionFactoryInitiator - HHH000026: Second-level cache disabled
""2025-07-11 20:25:33 [INFO] o.s.o.j.p.SpringPersistenceUnitInfo - No LoadTimeWeaver setup: ignoring JPA class transformer
""2025-07-11 20:25:34 [INFO] o.h.e.t.j.p.i.JtaPlatformInitiator - HHH000489: No JTA platform available (set 'hibernate.transaction.jta.platform' to enable JTA platform integration)
""2025-07-11 20:25:34 [INFO] o.s.o.j.LocalContainerEntityManagerFactoryBean - Initialized JPA EntityManagerFactory for persistence unit 'default'
""2025-07-11 20:25:35 [WARN] o.s.b.a.o.j.JpaBaseConfiguration$JpaWebConfiguration - spring.jpa.open-in-view is enabled by default. Therefore, database queries may be performed during view rendering. Explicitly configure spring.jpa.open-in-view to disable this warning
""2025-07-11 20:25:35 [INFO] o.s.s.w.DefaultSecurityFilterChain - Will secure any request with [org.springframework.security.web.session.DisableEncodeUrlFilter@b1e63b5, org.springframework.security.web.context.request.async.WebAsyncManagerIntegrationFilter@186537ac, org.springframework.security.web.context.SecurityContextHolderFilter@3070f59f, org.springframework.security.web.header.HeaderWriterFilter@7c855ef0, org.springframework.web.filter.CorsFilter@4733662d, org.springframework.security.web.authentication.logout.LogoutFilter@51158fb1, com.benjamin.Banking_app.Security.JwtAuthenticationFilter@3c717ef2, org.springframework.security.web.savedrequest.RequestCacheAwareFilter@2314f013, org.springframework.security.web.servletapi.SecurityContextHolderAwareRequestFilter@72ae1007, org.springframework.security.web.authentication.AnonymousAuthenticationFilter@25502b1c, org.springframework.security.web.session.SessionManagementFilter@44bb6856, org.springframework.security.web.access.ExceptionTranslationFilter@6980fa39, org.springframework.security.web.access.intercept.AuthorizationFilter@3420547]
""2025-07-11 20:25:35 [INFO] o.a.c.h.Http11NioProtocol - Starting ProtocolHandler ["http-nio-8080"]
""2025-07-11 20:25:35 [INFO] o.s.b.w.e.t.TomcatWebServer - Tomcat started on port 8080 (http) with context path ''
""2025-07-11 20:25:35 [INFO] c.b.B.App - Started App in 5.655 seconds (process running for 6.421)
""2025-07-11 20:28:06 [INFO] o.a.c.c.C.[.[.[/] - Initializing Spring DispatcherServlet 'dispatcherServlet'
""2025-07-11 20:28:06 [INFO] o.s.w.s.DispatcherServlet - Initializing Servlet 'dispatcherServlet'
""2025-07-11 20:28:06 [INFO] o.s.w.s.DispatcherServlet - Completed initialization in 3 ms
""2025-07-11 20:28:06 [INFO] c.b.B.A.AccountServiceImpl - user: user12345@gmail.com successfully registered
""2025-07-11 20:28:06 [WARN] o.s.w.s.m.s.DefaultHandlerExceptionResolver - Ignoring exception, response committed already: org.springframework.http.converter.HttpMessageNotWritableException: Could not write JSON: Infinite recursion (StackOverflowError)
""2025-07-11 20:28:06 [WARN] o.s.w.s.m.s.DefaultHandlerExceptionResolver - Resolved [org.springframework.http.converter.HttpMessageNotWritableException: Could not write JSON: Infinite recursion (StackOverflowError)]
""2025-07-11 20:29:04 [INFO] c.b.B.A.AccountServiceImpl - user: user123455@gmail.com successfully registered
""2025-07-11 20:29:04 [WARN] o.s.w.s.m.s.DefaultHandlerExceptionResolver - Ignoring exception, response committed already: org.springframework.http.converter.HttpMessageNotWritableException: Could not write JSON: Infinite recursion (StackOverflowError)
""2025-07-11 20:29:04 [WARN] o.s.w.s.m.s.DefaultHandlerExceptionResolver - Resolved [org.springframework.http.converter.HttpMessageNotWritableException: Could not write JSON: Infinite recursion (StackOverflowError)]
""2025-07-11 20:29:28 [INFO] o.s.o.j.LocalContainerEntityManagerFactoryBean - Closing JPA EntityManagerFactory for persistence unit 'default'
""2025-07-11 20:29:28 [INFO] c.z.h.HikariDataSource - HikariPool-1 - Shutdown initiated...
""2025-07-11 20:29:28 [INFO] c.z.h.HikariDataSource - HikariPool-1 - Shutdown completed.
""2025-07-11 20:29:31 [INFO] o.h.v.i.u.Version - HV000001: Hibernate Validator 8.0.1.Final
""2025-07-11 20:29:31 [INFO] c.b.B.App - Starting App using Java 21 with PID 71675 (/Users/ben/Desktop/Banking_app/target/classes started by ben in /Users/ben/Desktop/Banking_app)
""2025-07-11 20:29:31 [INFO] c.b.B.App - No active profile set, falling back to 1 default profile: "default"
""2025-07-11 20:29:32 [INFO] o.s.d.r.c.RepositoryConfigurationDelegate - Bootstrapping Spring Data JPA repositories in DEFAULT mode.
""2025-07-11 20:29:32 [INFO] o.s.d.r.c.RepositoryConfigurationDelegate - Finished Spring Data repository scanning in 55 ms. Found 5 JPA repository interfaces.
""2025-07-11 20:29:33 [INFO] o.s.b.w.e.t.TomcatWebServer - Tomcat initialized with port 8080 (http)
""2025-07-11 20:29:33 [INFO] o.a.c.h.Http11NioProtocol - Initializing ProtocolHandler ["http-nio-8080"]
""2025-07-11 20:29:33 [INFO] o.a.c.c.StandardService - Starting service [Tomcat]
""2025-07-11 20:29:33 [INFO] o.a.c.c.StandardEngine - Starting Servlet engine: [Apache Tomcat/10.1.20]
""2025-07-11 20:29:33 [INFO] o.a.c.c.C.[.[.[/] - Initializing Spring embedded WebApplicationContext
""2025-07-11 20:29:33 [INFO] o.s.b.w.s.c.ServletWebServerApplicationContext - Root WebApplicationContext: initialization completed in 2070 ms
""2025-07-11 20:29:33 [INFO] c.z.h.HikariDataSource - HikariPool-1 - Starting...
""2025-07-11 20:29:33 [INFO] c.z.h.p.HikariPool - HikariPool-1 - Added connection org.postgresql.jdbc.PgConnection@261f359f
""2025-07-11 20:29:33 [INFO] c.z.h.HikariDataSource - HikariPool-1 - Start completed.
""2025-07-11 20:29:33 [INFO] o.h.j.i.u.LogHelper - HHH000204: Processing PersistenceUnitInfo [name: default]
""2025-07-11 20:29:33 [INFO] o.h.Version - HHH000412: Hibernate ORM core version 6.4.4.Final
""2025-07-11 20:29:33 [INFO] o.h.c.i.RegionFactoryInitiator - HHH000026: Second-level cache disabled
""2025-07-11 20:29:34 [INFO] o.s.o.j.p.SpringPersistenceUnitInfo - No LoadTimeWeaver setup: ignoring JPA class transformer
""2025-07-11 20:29:35 [INFO] o.h.e.t.j.p.i.JtaPlatformInitiator - HHH000489: No JTA platform available (set 'hibernate.transaction.jta.platform' to enable JTA platform integration)
""2025-07-11 20:29:35 [INFO] o.s.o.j.LocalContainerEntityManagerFactoryBean - Initialized JPA EntityManagerFactory for persistence unit 'default'
""2025-07-11 20:29:36 [WARN] o.s.b.a.o.j.JpaBaseConfiguration$JpaWebConfiguration - spring.jpa.open-in-view is enabled by default. Therefore, database queries may be performed during view rendering. Explicitly configure spring.jpa.open-in-view to disable this warning
""2025-07-11 20:29:36 [INFO] o.s.s.w.DefaultSecurityFilterChain - Will secure any request with [org.springframework.security.web.session.DisableEncodeUrlFilter@301c622d, org.springframework.security.web.context.request.async.WebAsyncManagerIntegrationFilter@14b0b7f9, org.springframework.security.web.context.SecurityContextHolderFilter@58ca1cad, org.springframework.security.web.header.HeaderWriterFilter@a1c4f69, org.springframework.web.filter.CorsFilter@16a78700, org.springframework.security.web.authentication.logout.LogoutFilter@1488d1c, com.benjamin.Banking_app.Security.JwtAuthenticationFilter@7ca0b05e, org.springframework.security.web.savedrequest.RequestCacheAwareFilter@31b6eec8, org.springframework.security.web.servletapi.SecurityContextHolderAwareRequestFilter@3abd7b20, org.springframework.security.web.authentication.AnonymousAuthenticationFilter@69860811, org.springframework.security.web.session.SessionManagementFilter@72ae1007, org.springframework.security.web.access.ExceptionTranslationFilter@1f138b74, org.springframework.security.web.access.intercept.AuthorizationFilter@25502b1c]
""2025-07-11 20:29:37 [INFO] o.a.c.h.Http11NioProtocol - Starting ProtocolHandler ["http-nio-8080"]
""2025-07-11 20:29:37 [INFO] o.s.b.w.e.t.TomcatWebServer - Tomcat started on port 8080 (http) with context path ''
""2025-07-11 20:29:37 [INFO] c.b.B.App - Started App in 6.476 seconds (process running for 7.172)
""2025-07-11 20:30:29 [INFO] o.a.c.c.C.[.[.[/] - Initializing Spring DispatcherServlet 'dispatcherServlet'
""2025-07-11 20:30:29 [INFO] o.s.w.s.DispatcherServlet - Initializing Servlet 'dispatcherServlet'
""2025-07-11 20:30:29 [INFO] o.s.w.s.DispatcherServlet - Completed initialization in 4 ms
""2025-07-11 20:30:30 [INFO] c.b.B.A.AccountServiceImpl - user: user123@gmail.com successfully registered
""2025-07-11 20:36:00 [INFO] o.s.o.j.LocalContainerEntityManagerFactoryBean - Closing JPA EntityManagerFactory for persistence unit 'default'
""2025-07-11 20:36:00 [INFO] c.z.h.HikariDataSource - HikariPool-1 - Shutdown initiated...
""2025-07-11 20:36:00 [INFO] c.z.h.HikariDataSource - HikariPool-1 - Shutdown completed.
""2025-07-11 22:18:15 [INFO] o.s.t.c.s.AnnotationConfigContextLoaderUtils - Could not detect default configuration classes for test class [com.benjamin.Banking_app.Loans.LoanControllerTests]: LoanControllerTests does not declare any static, non-private, non-final, nested classes annotated with @Configuration.
""2025-07-11 22:18:15 [INFO] o.s.b.t.c.SpringBootTestContextBootstrapper - Found @SpringBootConfiguration com.benjamin.Banking_app.App for test class com.benjamin.Banking_app.Loans.LoanControllerTests
""2025-07-11 22:18:15 [INFO] o.h.v.i.u.Version - HV000001: Hibernate Validator 8.0.1.Final
""2025-07-11 22:18:15 [INFO] c.b.B.L.LoanControllerTests - Starting LoanControllerTests using Java 21 with PID 90061 (started by ben in /Users/ben/Desktop/Banking_app)
""2025-07-11 22:18:15 [INFO] c.b.B.L.LoanControllerTests - No active profile set, falling back to 1 default profile: "default"
""2025-07-11 22:18:18 [INFO] o.s.s.w.DefaultSecurityFilterChain - Will secure any request with [org.springframework.security.web.session.DisableEncodeUrlFilter@19924f15, org.springframework.security.web.context.request.async.WebAsyncManagerIntegrationFilter@621392ea, org.springframework.security.web.context.SecurityContextHolderFilter@340fc1aa, org.springframework.security.web.header.HeaderWriterFilter@3e2c8ef, org.springframework.web.filter.CorsFilter@35524549, org.springframework.security.web.authentication.logout.LogoutFilter@6ffc6ea7, com.benjamin.Banking_app.Security.JwtAuthenticationFilter@247bbfba, org.springframework.security.web.savedrequest.RequestCacheAwareFilter@98722ef, org.springframework.security.web.servletapi.SecurityContextHolderAwareRequestFilter@459e120b, org.springframework.security.web.authentication.AnonymousAuthenticationFilter@23ec63af, org.springframework.security.web.session.SessionManagementFilter@4ae958b0, org.springframework.security.web.access.ExceptionTranslationFilter@6785df10, org.springframework.security.web.access.intercept.AuthorizationFilter@141dfcf9]
""2025-07-11 22:18:18 [INFO] o.s.b.t.m.w.SpringBootMockServletContext - Initializing Spring TestDispatcherServlet ''
""2025-07-11 22:18:18 [INFO] o.s.t.w.s.TestDispatcherServlet - Initializing Servlet ''
""2025-07-11 22:18:18 [INFO] o.s.t.w.s.TestDispatcherServlet - Completed initialization in 1 ms
""2025-07-11 22:18:18 [INFO] c.b.B.L.LoanControllerTests - Started LoanControllerTests in 3.114 seconds (process running for 5.109)
""2025-07-11 22:18:19 [INFO] o.s.t.c.s.AnnotationConfigContextLoaderUtils - Could not detect default configuration classes for test class [com.benjamin.Banking_app.Transactions.TransactionRepositoryTest]: TransactionRepositoryTest does not declare any static, non-private, non-final, nested classes annotated with @Configuration.
""2025-07-11 22:18:19 [INFO] o.s.b.t.c.SpringBootTestContextBootstrapper - Found @SpringBootConfiguration com.benjamin.Banking_app.App for test class com.benjamin.Banking_app.Transactions.TransactionRepositoryTest
""2025-07-11 22:18:19 [INFO] c.b.B.T.TransactionRepositoryTest - Starting TransactionRepositoryTest using Java 21 with PID 90061 (started by ben in /Users/ben/Desktop/Banking_app)
""2025-07-11 22:18:19 [INFO] c.b.B.T.TransactionRepositoryTest - No active profile set, falling back to 1 default profile: "default"
""2025-07-11 22:18:19 [INFO] o.s.d.r.c.RepositoryConfigurationDelegate - Bootstrapping Spring Data JPA repositories in DEFAULT mode.
""2025-07-11 22:18:19 [INFO] o.s.d.r.c.RepositoryConfigurationDelegate - Finished Spring Data repository scanning in 43 ms. Found 5 JPA repository interfaces.
""2025-07-11 22:18:19 [INFO] o.s.b.t.a.j.TestDatabaseAutoConfiguration$EmbeddedDataSourceBeanFactoryPostProcessor - Replacing 'dataSource' DataSource bean with embedded version
""2025-07-11 22:18:19 [INFO] o.s.j.d.e.EmbeddedDatabaseFactory - Starting embedded database: url='jdbc:h2:mem:147ffb75-ab51-4dab-9467-cb207d76b953;DB_CLOSE_DELAY=-1;DB_CLOSE_ON_EXIT=false', username='sa'
""2025-07-11 22:18:19 [INFO] o.h.j.i.u.LogHelper - HHH000204: Processing PersistenceUnitInfo [name: default]
""2025-07-11 22:18:19 [INFO] o.h.Version - HHH000412: Hibernate ORM core version 6.4.4.Final
""2025-07-11 22:18:19 [INFO] o.h.c.i.RegionFactoryInitiator - HHH000026: Second-level cache disabled
""2025-07-11 22:18:20 [INFO] o.s.o.j.p.SpringPersistenceUnitInfo - No LoadTimeWeaver setup: ignoring JPA class transformer
""2025-07-11 22:18:20 [INFO] o.h.e.t.j.p.i.JtaPlatformInitiator - HHH000489: No JTA platform available (set 'hibernate.transaction.jta.platform' to enable JTA platform integration)
""2025-07-11 22:18:20 [INFO] o.s.o.j.LocalContainerEntityManagerFactoryBean - Initialized JPA EntityManagerFactory for persistence unit 'default'
""2025-07-11 22:18:21 [INFO] o.s.s.w.DefaultSecurityFilterChain - Will secure any request with [org.springframework.security.web.session.DisableEncodeUrlFilter@75abbb61, org.springframework.security.web.context.request.async.WebAsyncManagerIntegrationFilter@740610a2, org.springframework.security.web.context.SecurityContextHolderFilter@545bc8e1, org.springframework.security.web.header.HeaderWriterFilter@5af7a7, org.springframework.security.web.authentication.logout.LogoutFilter@1e23e1ef, com.benjamin.Banking_app.Security.JwtAuthenticationFilter@15363eba, org.springframework.security.web.savedrequest.RequestCacheAwareFilter@5f3705e7, org.springframework.security.web.servletapi.SecurityContextHolderAwareRequestFilter@8872669, org.springframework.security.web.authentication.AnonymousAuthenticationFilter@6bfa228c, org.springframework.security.web.session.SessionManagementFilter@685e8e17, org.springframework.security.web.access.ExceptionTranslationFilter@3d26c82d, org.springframework.security.web.access.intercept.AuthorizationFilter@485902cd]
""2025-07-11 22:18:21 [INFO] o.s.s.c.TaskSchedulerRouter - No TaskScheduler/ScheduledExecutorService bean found for scheduled processing
""2025-07-11 22:18:21 [INFO] c.b.B.T.TransactionRepositoryTest - Started TransactionRepositoryTest in 2.126 seconds (process running for 7.74)
""2025-07-11 22:18:21 [INFO] c.b.B.L.LoanServiceImpl - loan application initiated
""2025-07-11 22:18:21 [INFO] c.b.B.L.LoanServiceImpl -  loan: 1 repaid for this month successfully
""2025-07-11 22:18:21 [INFO] c.b.B.L.LoanServiceImpl -  loan: 1 repaid for this month successfully
""2025-07-11 22:18:21 [INFO] c.b.B.L.LoanServiceImpl - searching for loan: 1
""2025-07-11 22:18:21 [INFO] c.b.B.L.LoanServiceImpl - searching for loan: 1
""2025-07-11 22:18:21 [INFO] c.b.B.L.LoanServiceImpl -  loan: 1 repaid for this month successfully
""2025-07-11 22:18:21 [INFO] o.s.t.c.s.AnnotationConfigContextLoaderUtils - Could not detect default configuration classes for test class [com.benjamin.Banking_app.Transactions.TransactionsControllerTest]: TransactionsControllerTest does not declare any static, non-private, non-final, nested classes annotated with @Configuration.
""2025-07-11 22:18:21 [INFO] o.s.b.t.c.SpringBootTestContextBootstrapper - Found @SpringBootConfiguration com.benjamin.Banking_app.App for test class com.benjamin.Banking_app.Transactions.TransactionsControllerTest
""2025-07-11 22:18:21 [INFO] c.b.B.T.TransactionsControllerTest - Starting TransactionsControllerTest using Java 21 with PID 90061 (started by ben in /Users/ben/Desktop/Banking_app)
""2025-07-11 22:18:21 [INFO] c.b.B.T.TransactionsControllerTest - No active profile set, falling back to 1 default profile: "default"
""2025-07-11 22:18:22 [INFO] o.s.s.w.DefaultSecurityFilterChain - Will secure any request with [org.springframework.security.web.session.DisableEncodeUrlFilter@1d18e5ad, org.springframework.security.web.context.request.async.WebAsyncManagerIntegrationFilter@11def039, org.springframework.security.web.context.SecurityContextHolderFilter@35a6f370, org.springframework.security.web.header.HeaderWriterFilter@3cce6db1, org.springframework.web.filter.CorsFilter@564375d7, org.springframework.security.web.authentication.logout.LogoutFilter@4469046b, com.benjamin.Banking_app.Security.JwtAuthenticationFilter@22876aea, org.springframework.security.web.savedrequest.RequestCacheAwareFilter@35e04107, org.springframework.security.web.servletapi.SecurityContextHolderAwareRequestFilter@7a8c01ef, org.springframework.security.web.authentication.AnonymousAuthenticationFilter@44b522ce, org.springframework.security.web.session.SessionManagementFilter@24331ab6, org.springframework.security.web.access.ExceptionTranslationFilter@3b977a31, org.springframework.security.web.access.intercept.AuthorizationFilter@69af6978]
""2025-07-11 22:18:22 [INFO] o.s.b.t.m.w.SpringBootMockServletContext - Initializing Spring TestDispatcherServlet ''
""2025-07-11 22:18:22 [INFO] o.s.t.w.s.TestDispatcherServlet - Initializing Servlet ''
""2025-07-11 22:18:22 [INFO] o.s.t.w.s.TestDispatcherServlet - Completed initialization in 1 ms
""2025-07-11 22:18:22 [INFO] c.b.B.T.TransactionsControllerTest - Started TransactionsControllerTest in 0.384 seconds (process running for 8.431)
""2025-07-11 22:18:22 [INFO] o.s.t.c.s.AnnotationConfigContextLoaderUtils - Could not detect default configuration classes for test class [com.benjamin.Banking_app.BankingAppApplicationTests]: BankingAppApplicationTests does not declare any static, non-private, non-final, nested classes annotated with @Configuration.
""2025-07-11 22:18:22 [INFO] o.s.b.t.c.SpringBootTestContextBootstrapper - Found @SpringBootConfiguration com.benjamin.Banking_app.App for test class com.benjamin.Banking_app.BankingAppApplicationTests
""2025-07-11 22:18:22 [INFO] c.b.B.BankingAppApplicationTests - Starting BankingAppApplicationTests using Java 21 with PID 90061 (started by ben in /Users/ben/Desktop/Banking_app)
""2025-07-11 22:18:22 [INFO] c.b.B.BankingAppApplicationTests - No active profile set, falling back to 1 default profile: "default"
""2025-07-11 22:18:22 [INFO] o.s.d.r.c.RepositoryConfigurationDelegate - Bootstrapping Spring Data JPA repositories in DEFAULT mode.
""2025-07-11 22:18:22 [INFO] o.s.d.r.c.RepositoryConfigurationDelegate - Finished Spring Data repository scanning in 10 ms. Found 5 JPA repository interfaces.
""2025-07-11 22:18:22 [INFO] o.h.j.i.u.LogHelper - HHH000204: Processing PersistenceUnitInfo [name: default]
""2025-07-11 22:18:22 [INFO] o.h.c.i.RegionFactoryInitiator - HHH000026: Second-level cache disabled
""2025-07-11 22:18:22 [INFO] o.s.o.j.p.SpringPersistenceUnitInfo - No LoadTimeWeaver setup: ignoring JPA class transformer
""2025-07-11 22:18:22 [INFO] c.z.h.HikariDataSource - HikariPool-1 - Starting...
""2025-07-11 22:18:22 [INFO] c.z.h.p.HikariPool - HikariPool-1 - Added connection conn9: url=jdbc:h2:mem:testdb user=SA
""2025-07-11 22:18:22 [INFO] c.z.h.HikariDataSource - HikariPool-1 - Start completed.
""2025-07-11 22:18:22 [INFO] o.h.e.t.j.p.i.JtaPlatformInitiator - HHH000489: No JTA platform available (set 'hibernate.transaction.jta.platform' to enable JTA platform integration)
""2025-07-11 22:18:22 [INFO] o.s.o.j.LocalContainerEntityManagerFactoryBean - Initialized JPA EntityManagerFactory for persistence unit 'default'
""2025-07-11 22:18:22 [WARN] o.s.b.a.o.j.JpaBaseConfiguration$JpaWebConfiguration - spring.jpa.open-in-view is enabled by default. Therefore, database queries may be performed during view rendering. Explicitly configure spring.jpa.open-in-view to disable this warning
""2025-07-11 22:18:22 [INFO] o.s.s.w.DefaultSecurityFilterChain - Will secure any request with [org.springframework.security.web.session.DisableEncodeUrlFilter@64f0271e, org.springframework.security.web.context.request.async.WebAsyncManagerIntegrationFilter@1222d0e4, org.springframework.security.web.context.SecurityContextHolderFilter@9b9a322, org.springframework.security.web.header.HeaderWriterFilter@1cfb035c, org.springframework.web.filter.CorsFilter@7746ae18, org.springframework.security.web.authentication.logout.LogoutFilter@1a9d873b, com.benjamin.Banking_app.Security.JwtAuthenticationFilter@3220ea38, org.springframework.security.web.savedrequest.RequestCacheAwareFilter@21e00efb, org.springframework.security.web.servletapi.SecurityContextHolderAwareRequestFilter@65450878, org.springframework.security.web.authentication.AnonymousAuthenticationFilter@1b438ec, org.springframework.security.web.session.SessionManagementFilter@2d22d4b9, org.springframework.security.web.access.ExceptionTranslationFilter@6a584533, org.springframework.security.web.access.intercept.AuthorizationFilter@76600c90]
""2025-07-11 22:18:23 [INFO] c.b.B.BankingAppApplicationTests - Started BankingAppApplicationTests in 0.911 seconds (process running for 9.385)
""2025-07-11 22:18:23 [INFO] o.s.t.c.s.AnnotationConfigContextLoaderUtils - Could not detect default configuration classes for test class [com.benjamin.Banking_app.Accounts.AccountControllerTest]: AccountControllerTest does not declare any static, non-private, non-final, nested classes annotated with @Configuration.
""2025-07-11 22:18:23 [INFO] o.s.b.t.c.SpringBootTestContextBootstrapper - Found @SpringBootConfiguration com.benjamin.Banking_app.App for test class com.benjamin.Banking_app.Accounts.AccountControllerTest
""2025-07-11 22:18:23 [INFO] c.b.B.A.AccountControllerTest - Starting AccountControllerTest using Java 21 with PID 90061 (started by ben in /Users/ben/Desktop/Banking_app)
""2025-07-11 22:18:23 [INFO] c.b.B.A.AccountControllerTest - No active profile set, falling back to 1 default profile: "default"
""2025-07-11 22:18:23 [INFO] o.s.s.w.DefaultSecurityFilterChain - Will secure any request with [org.springframework.security.web.session.DisableEncodeUrlFilter@727366da, org.springframework.security.web.context.request.async.WebAsyncManagerIntegrationFilter@2edd4b9f, org.springframework.security.web.context.SecurityContextHolderFilter@371c7b39, org.springframework.security.web.header.HeaderWriterFilter@5ac81385, org.springframework.web.filter.CorsFilter@bc309af, org.springframework.security.web.authentication.logout.LogoutFilter@1878815a, com.benjamin.Banking_app.Security.JwtAuthenticationFilter@41b7ebec, org.springframework.security.web.savedrequest.RequestCacheAwareFilter@4991d624, org.springframework.security.web.servletapi.SecurityContextHolderAwareRequestFilter@53dfb0a8, org.springframework.security.web.authentication.AnonymousAuthenticationFilter@25afdf7e, org.springframework.security.web.session.SessionManagementFilter@2886f5f3, org.springframework.security.web.access.ExceptionTranslationFilter@6db27836, org.springframework.security.web.access.intercept.AuthorizationFilter@716be52c]
""2025-07-11 22:18:23 [INFO] o.s.b.t.m.w.SpringBootMockServletContext - Initializing Spring TestDispatcherServlet ''
""2025-07-11 22:18:23 [INFO] o.s.t.w.s.TestDispatcherServlet - Initializing Servlet ''
""2025-07-11 22:18:23 [INFO] o.s.t.w.s.TestDispatcherServlet - Completed initialization in 0 ms
""2025-07-11 22:18:23 [INFO] c.b.B.A.AccountControllerTest - Started AccountControllerTest in 0.254 seconds (process running for 9.658)
""2025-07-11 22:18:23 [INFO] o.s.t.c.s.AnnotationConfigContextLoaderUtils - Could not detect default configuration classes for test class [com.benjamin.Banking_app.Accounts.AccountRepositoryTests]: AccountRepositoryTests does not declare any static, non-private, non-final, nested classes annotated with @Configuration.
""2025-07-11 22:18:23 [INFO] o.s.b.t.c.SpringBootTestContextBootstrapper - Found @SpringBootConfiguration com.benjamin.Banking_app.App for test class com.benjamin.Banking_app.Accounts.AccountRepositoryTests
""2025-07-11 22:18:23 [INFO] c.b.B.A.AccountServiceImpl -  creating an account...
""2025-07-11 22:18:23 [INFO] c.b.B.A.AccountServiceImpl -  creating an account...
""2025-07-11 22:18:23 [INFO] c.b.B.A.AccountServiceImpl -  account: com.benjamin.Banking_app.Accounts.Account@c24ba1 created successfully
""2025-07-11 22:18:23 [INFO] c.b.B.A.AccountServiceImpl -  creating an account...
""2025-07-11 22:18:23 [WARN] c.b.B.A.AccountServiceImpl - attempt to create an account with a duplicate username
""2025-07-11 22:18:23 [INFO] c.b.B.A.AccountServiceImpl -  creating an account...
""2025-07-11 22:18:23 [INFO] c.b.B.A.AccountServiceImpl -  account: com.benjamin.Banking_app.Accounts.Account@64117499 created successfully
""2025-07-11 22:18:23 [INFO] c.b.B.A.AccountServiceImpl -  searched account: com.benjamin.Banking_app.Accounts.Account@f46fff6 returned successfuly 
""2025-07-11 22:18:23 [ERROR] c.b.B.A.AccountServiceImpl - failed to process the direct debit. from: 1, to: 2, Amount: 9.99999999E8
""2025-07-11 22:18:23 [INFO] c.b.B.A.AccountServiceImpl - funds transferred successfully. from: John, to: toUser, Amount: 500.0
""2025-07-11 22:18:23 [INFO] c.b.B.A.AccountServiceImpl - Deposit successful. AccountId: 1, Amount: 500.0, New Balance: 50500.0
""2025-07-11 22:18:23 [INFO] c.b.B.A.AccountServiceImpl - account: 1 deleted successfully
""2025-07-11 22:18:23 [INFO] c.b.B.A.AccountServiceImpl - transaction history of: 1 requested
""2025-07-11 22:18:23 [INFO] c.b.B.A.AccountServiceImpl - Returned 0 transactions for account ID: 1
""2025-07-11 22:18:23 [INFO] c.b.B.A.AccountServiceImpl - transaction history of: 1 requested
""2025-07-11 22:18:23 [INFO] c.b.B.A.AccountServiceImpl - Returned 2 transactions for account ID: 1
""2025-07-11 22:18:23 [INFO] o.s.t.c.s.AnnotationConfigContextLoaderUtils - Could not detect default configuration classes for test class [com.benjamin.Banking_app.Loans.LoanRepositoryTest]: LoanRepositoryTest does not declare any static, non-private, non-final, nested classes annotated with @Configuration.
""2025-07-11 22:18:23 [INFO] o.s.b.t.c.SpringBootTestContextBootstrapper - Found @SpringBootConfiguration com.benjamin.Banking_app.App for test class com.benjamin.Banking_app.Loans.LoanRepositoryTest
""2025-07-11 22:18:23 [INFO] c.b.B.L.LoanServiceImpl - searching for loan: 5
""2025-07-11 22:18:23 [INFO] o.s.o.j.LocalContainerEntityManagerFactoryBean - Closing JPA EntityManagerFactory for persistence unit 'default'
""2025-07-11 22:18:23 [INFO] o.s.o.j.LocalContainerEntityManagerFactoryBean - Closing JPA EntityManagerFactory for persistence unit 'default'
""2025-07-11 22:18:23 [INFO] c.z.h.HikariDataSource - HikariPool-1 - Shutdown initiated...
""2025-07-11 22:18:23 [INFO] c.z.h.HikariDataSource - HikariPool-1 - Shutdown completed.
"